[1.205s] Invoking command in '/home/tedee/Webots-Simulation-with-Teleop-Key/ros2_ws/src/webots_ros2/webots_ros2_husarion': AMENT_PREFIX_PATH=/home/tedee/Webots-Simulation-with-Teleop-Key/ros2_ws/install/webots_ros2_control:/home/tedee/Webots-Simulation-with-Teleop-Key/ros2_ws/install/webots_ros2_driver:/home/tedee/Webots-Simulation-with-Teleop-Key/ros2_ws/install/webots_ros2_msgs:/home/tedee/Webots-Simulation-with-Teleop-Key/ros2_ws/install/webots_ros2_importer:${AMENT_PREFIX_PATH} CMAKE_PREFIX_PATH=/home/tedee/Webots-Simulation-with-Teleop-Key/ros2_ws/install/webots_ros2_control:/home/tedee/Webots-Simulation-with-Teleop-Key/ros2_ws/install/webots_ros2_driver:/home/tedee/Webots-Simulation-with-Teleop-Key/ros2_ws/install/webots_ros2_msgs LD_LIBRARY_PATH=/home/tedee/Webots-Simulation-with-Teleop-Key/ros2_ws/install/webots_ros2_control/lib:/home/tedee/Webots-Simulation-with-Teleop-Key/ros2_ws/install/webots_ros2_driver/lib:/home/tedee/Webots-Simulation-with-Teleop-Key/ros2_ws/install/webots_ros2_msgs/lib:${LD_LIBRARY_PATH} PYTHONPATH=/home/tedee/Webots-Simulation-with-Teleop-Key/ros2_ws/build/webots_ros2_husarion/prefix_override:/usr/lib/python3/dist-packages/colcon_core/task/python/colcon_distutils_commands:/home/tedee/Webots-Simulation-with-Teleop-Key/ros2_ws/install/webots_ros2_husarion/lib/python3.10/site-packages:/home/tedee/Webots-Simulation-with-Teleop-Key/ros2_ws/install/webots_ros2_driver/local/lib/python3.10/dist-packages:/home/tedee/Webots-Simulation-with-Teleop-Key/ros2_ws/install/webots_ros2_msgs/local/lib/python3.10/dist-packages:/home/tedee/Webots-Simulation-with-Teleop-Key/ros2_ws/install/webots_ros2_importer/lib/python3.10/site-packages:${PYTHONPATH} /usr/bin/python3 -W ignore:setup.py install is deprecated -W ignore:easy_install command is deprecated setup.py egg_info --egg-base ../../../build/webots_ros2_husarion build --build-base /home/tedee/Webots-Simulation-with-Teleop-Key/ros2_ws/build/webots_ros2_husarion/build install --record /home/tedee/Webots-Simulation-with-Teleop-Key/ros2_ws/build/webots_ros2_husarion/install.log --single-version-externally-managed install_data
[1.393s] running egg_info
[1.393s] creating ../../../build/webots_ros2_husarion/webots_ros2_husarion.egg-info
[1.394s] writing ../../../build/webots_ros2_husarion/webots_ros2_husarion.egg-info/PKG-INFO
[1.394s] writing dependency_links to ../../../build/webots_ros2_husarion/webots_ros2_husarion.egg-info/dependency_links.txt
[1.394s] writing entry points to ../../../build/webots_ros2_husarion/webots_ros2_husarion.egg-info/entry_points.txt
[1.394s] writing requirements to ../../../build/webots_ros2_husarion/webots_ros2_husarion.egg-info/requires.txt
[1.394s] writing top-level names to ../../../build/webots_ros2_husarion/webots_ros2_husarion.egg-info/top_level.txt
[1.394s] writing manifest file '../../../build/webots_ros2_husarion/webots_ros2_husarion.egg-info/SOURCES.txt'
[1.395s] reading manifest file '../../../build/webots_ros2_husarion/webots_ros2_husarion.egg-info/SOURCES.txt'
[1.395s] writing manifest file '../../../build/webots_ros2_husarion/webots_ros2_husarion.egg-info/SOURCES.txt'
[1.395s] running build
[1.396s] running build_py
[1.396s] creating /home/tedee/Webots-Simulation-with-Teleop-Key/ros2_ws/build/webots_ros2_husarion/build
[1.396s] creating /home/tedee/Webots-Simulation-with-Teleop-Key/ros2_ws/build/webots_ros2_husarion/build/lib
[1.396s] creating /home/tedee/Webots-Simulation-with-Teleop-Key/ros2_ws/build/webots_ros2_husarion/build/lib/webots_ros2_husarion
[1.396s] copying webots_ros2_husarion/__init__.py -> /home/tedee/Webots-Simulation-with-Teleop-Key/ros2_ws/build/webots_ros2_husarion/build/lib/webots_ros2_husarion
[1.396s] running install
[1.396s] running install_lib
[1.396s] creating /home/tedee/Webots-Simulation-with-Teleop-Key/ros2_ws/install/webots_ros2_husarion/lib/python3.10/site-packages/webots_ros2_husarion
[1.397s] copying /home/tedee/Webots-Simulation-with-Teleop-Key/ros2_ws/build/webots_ros2_husarion/build/lib/webots_ros2_husarion/__init__.py -> /home/tedee/Webots-Simulation-with-Teleop-Key/ros2_ws/install/webots_ros2_husarion/lib/python3.10/site-packages/webots_ros2_husarion
[1.397s] byte-compiling /home/tedee/Webots-Simulation-with-Teleop-Key/ros2_ws/install/webots_ros2_husarion/lib/python3.10/site-packages/webots_ros2_husarion/__init__.py to __init__.cpython-310.pyc
[1.397s] running install_data
[1.397s] creating /home/tedee/Webots-Simulation-with-Teleop-Key/ros2_ws/install/webots_ros2_husarion/share/ament_index
[1.397s] creating /home/tedee/Webots-Simulation-with-Teleop-Key/ros2_ws/install/webots_ros2_husarion/share/ament_index/resource_index
[1.397s] creating /home/tedee/Webots-Simulation-with-Teleop-Key/ros2_ws/install/webots_ros2_husarion/share/ament_index/resource_index/packages
[1.397s] copying resource/webots_ros2_husarion -> /home/tedee/Webots-Simulation-with-Teleop-Key/ros2_ws/install/webots_ros2_husarion/share/ament_index/resource_index/packages
[1.397s] creating /home/tedee/Webots-Simulation-with-Teleop-Key/ros2_ws/install/webots_ros2_husarion/share/webots_ros2_husarion/launch
[1.397s] copying launch/rosbot_launch.py -> /home/tedee/Webots-Simulation-with-Teleop-Key/ros2_ws/install/webots_ros2_husarion/share/webots_ros2_husarion/launch
[1.397s] copying launch/rosbot_xl_launch.py -> /home/tedee/Webots-Simulation-with-Teleop-Key/ros2_ws/install/webots_ros2_husarion/share/webots_ros2_husarion/launch
[1.397s] creating /home/tedee/Webots-Simulation-with-Teleop-Key/ros2_ws/install/webots_ros2_husarion/share/webots_ros2_husarion/resource
[1.397s] copying resource/rosbot_controllers.yaml -> /home/tedee/Webots-Simulation-with-Teleop-Key/ros2_ws/install/webots_ros2_husarion/share/webots_ros2_husarion/resource
[1.397s] copying resource/rosbot_xl_controllers.yaml -> /home/tedee/Webots-Simulation-with-Teleop-Key/ros2_ws/install/webots_ros2_husarion/share/webots_ros2_husarion/resource
[1.397s] copying resource/ekf.yaml -> /home/tedee/Webots-Simulation-with-Teleop-Key/ros2_ws/install/webots_ros2_husarion/share/webots_ros2_husarion/resource
[1.398s] copying resource/laser_filter.yaml -> /home/tedee/Webots-Simulation-with-Teleop-Key/ros2_ws/install/webots_ros2_husarion/share/webots_ros2_husarion/resource
[1.398s] copying resource/rosbot_webots.urdf -> /home/tedee/Webots-Simulation-with-Teleop-Key/ros2_ws/install/webots_ros2_husarion/share/webots_ros2_husarion/resource
[1.398s] copying resource/rosbot_links_remappings.yaml -> /home/tedee/Webots-Simulation-with-Teleop-Key/ros2_ws/install/webots_ros2_husarion/share/webots_ros2_husarion/resource
[1.398s] creating /home/tedee/Webots-Simulation-with-Teleop-Key/ros2_ws/install/webots_ros2_husarion/share/webots_ros2_husarion/worlds
[1.398s] copying worlds/rosbot.wbt -> /home/tedee/Webots-Simulation-with-Teleop-Key/ros2_ws/install/webots_ros2_husarion/share/webots_ros2_husarion/worlds
[1.398s] copying worlds/rosbot_xl.wbt -> /home/tedee/Webots-Simulation-with-Teleop-Key/ros2_ws/install/webots_ros2_husarion/share/webots_ros2_husarion/worlds
[1.398s] creating /home/tedee/Webots-Simulation-with-Teleop-Key/ros2_ws/install/webots_ros2_husarion/share/webots_ros2_husarion/worlds/meshes
[1.398s] copying worlds/meshes/husarion_world.dae -> /home/tedee/Webots-Simulation-with-Teleop-Key/ros2_ws/install/webots_ros2_husarion/share/webots_ros2_husarion/worlds/meshes
[1.398s] copying package.xml -> /home/tedee/Webots-Simulation-with-Teleop-Key/ros2_ws/install/webots_ros2_husarion/share/webots_ros2_husarion
[1.398s] running install_egg_info
[1.399s] Copying ../../../build/webots_ros2_husarion/webots_ros2_husarion.egg-info to /home/tedee/Webots-Simulation-with-Teleop-Key/ros2_ws/install/webots_ros2_husarion/lib/python3.10/site-packages/webots_ros2_husarion-2025.0.0-py3.10.egg-info
[1.400s] running install_scripts
[1.414s] writing list of installed files to '/home/tedee/Webots-Simulation-with-Teleop-Key/ros2_ws/build/webots_ros2_husarion/install.log'
[1.436s] Invoked command in '/home/tedee/Webots-Simulation-with-Teleop-Key/ros2_ws/src/webots_ros2/webots_ros2_husarion' returned '0': AMENT_PREFIX_PATH=/home/tedee/Webots-Simulation-with-Teleop-Key/ros2_ws/install/webots_ros2_control:/home/tedee/Webots-Simulation-with-Teleop-Key/ros2_ws/install/webots_ros2_driver:/home/tedee/Webots-Simulation-with-Teleop-Key/ros2_ws/install/webots_ros2_msgs:/home/tedee/Webots-Simulation-with-Teleop-Key/ros2_ws/install/webots_ros2_importer:${AMENT_PREFIX_PATH} CMAKE_PREFIX_PATH=/home/tedee/Webots-Simulation-with-Teleop-Key/ros2_ws/install/webots_ros2_control:/home/tedee/Webots-Simulation-with-Teleop-Key/ros2_ws/install/webots_ros2_driver:/home/tedee/Webots-Simulation-with-Teleop-Key/ros2_ws/install/webots_ros2_msgs LD_LIBRARY_PATH=/home/tedee/Webots-Simulation-with-Teleop-Key/ros2_ws/install/webots_ros2_control/lib:/home/tedee/Webots-Simulation-with-Teleop-Key/ros2_ws/install/webots_ros2_driver/lib:/home/tedee/Webots-Simulation-with-Teleop-Key/ros2_ws/install/webots_ros2_msgs/lib:${LD_LIBRARY_PATH} PYTHONPATH=/home/tedee/Webots-Simulation-with-Teleop-Key/ros2_ws/build/webots_ros2_husarion/prefix_override:/usr/lib/python3/dist-packages/colcon_core/task/python/colcon_distutils_commands:/home/tedee/Webots-Simulation-with-Teleop-Key/ros2_ws/install/webots_ros2_husarion/lib/python3.10/site-packages:/home/tedee/Webots-Simulation-with-Teleop-Key/ros2_ws/install/webots_ros2_driver/local/lib/python3.10/dist-packages:/home/tedee/Webots-Simulation-with-Teleop-Key/ros2_ws/install/webots_ros2_msgs/local/lib/python3.10/dist-packages:/home/tedee/Webots-Simulation-with-Teleop-Key/ros2_ws/install/webots_ros2_importer/lib/python3.10/site-packages:${PYTHONPATH} /usr/bin/python3 -W ignore:setup.py install is deprecated -W ignore:easy_install command is deprecated setup.py egg_info --egg-base ../../../build/webots_ros2_husarion build --build-base /home/tedee/Webots-Simulation-with-Teleop-Key/ros2_ws/build/webots_ros2_husarion/build install --record /home/tedee/Webots-Simulation-with-Teleop-Key/ros2_ws/build/webots_ros2_husarion/install.log --single-version-externally-managed install_data
