running egg_info
creating ../../../build/webots_ros2_mavic/webots_ros2_mavic.egg-info
writing ../../../build/webots_ros2_mavic/webots_ros2_mavic.egg-info/PKG-INFO
writing dependency_links to ../../../build/webots_ros2_mavic/webots_ros2_mavic.egg-info/dependency_links.txt
writing entry points to ../../../build/webots_ros2_mavic/webots_ros2_mavic.egg-info/entry_points.txt
writing requirements to ../../../build/webots_ros2_mavic/webots_ros2_mavic.egg-info/requires.txt
writing top-level names to ../../../build/webots_ros2_mavic/webots_ros2_mavic.egg-info/top_level.txt
writing manifest file '../../../build/webots_ros2_mavic/webots_ros2_mavic.egg-info/SOURCES.txt'
reading manifest file '../../../build/webots_ros2_mavic/webots_ros2_mavic.egg-info/SOURCES.txt'
writing manifest file '../../../build/webots_ros2_mavic/webots_ros2_mavic.egg-info/SOURCES.txt'
running build
running build_py
creating /home/tedee/Webots-Simulation-with-Teleop-Key/ros2_ws/build/webots_ros2_mavic/build
creating /home/tedee/Webots-Simulation-with-Teleop-Key/ros2_ws/build/webots_ros2_mavic/build/lib
creating /home/tedee/Webots-Simulation-with-Teleop-Key/ros2_ws/build/webots_ros2_mavic/build/lib/webots_ros2_mavic
copying webots_ros2_mavic/__init__.py -> /home/tedee/Webots-Simulation-with-Teleop-Key/ros2_ws/build/webots_ros2_mavic/build/lib/webots_ros2_mavic
copying webots_ros2_mavic/mavic_driver.py -> /home/tedee/Webots-Simulation-with-Teleop-Key/ros2_ws/build/webots_ros2_mavic/build/lib/webots_ros2_mavic
running install
running install_lib
creating /home/tedee/Webots-Simulation-with-Teleop-Key/ros2_ws/install/webots_ros2_mavic/lib/python3.10/site-packages/webots_ros2_mavic
copying /home/tedee/Webots-Simulation-with-Teleop-Key/ros2_ws/build/webots_ros2_mavic/build/lib/webots_ros2_mavic/__init__.py -> /home/tedee/Webots-Simulation-with-Teleop-Key/ros2_ws/install/webots_ros2_mavic/lib/python3.10/site-packages/webots_ros2_mavic
copying /home/tedee/Webots-Simulation-with-Teleop-Key/ros2_ws/build/webots_ros2_mavic/build/lib/webots_ros2_mavic/mavic_driver.py -> /home/tedee/Webots-Simulation-with-Teleop-Key/ros2_ws/install/webots_ros2_mavic/lib/python3.10/site-packages/webots_ros2_mavic
byte-compiling /home/tedee/Webots-Simulation-with-Teleop-Key/ros2_ws/install/webots_ros2_mavic/lib/python3.10/site-packages/webots_ros2_mavic/__init__.py to __init__.cpython-310.pyc
byte-compiling /home/tedee/Webots-Simulation-with-Teleop-Key/ros2_ws/install/webots_ros2_mavic/lib/python3.10/site-packages/webots_ros2_mavic/mavic_driver.py to mavic_driver.cpython-310.pyc
running install_data
creating /home/tedee/Webots-Simulation-with-Teleop-Key/ros2_ws/install/webots_ros2_mavic/share/ament_index
creating /home/tedee/Webots-Simulation-with-Teleop-Key/ros2_ws/install/webots_ros2_mavic/share/ament_index/resource_index
creating /home/tedee/Webots-Simulation-with-Teleop-Key/ros2_ws/install/webots_ros2_mavic/share/ament_index/resource_index/packages
copying resource/webots_ros2_mavic -> /home/tedee/Webots-Simulation-with-Teleop-Key/ros2_ws/install/webots_ros2_mavic/share/ament_index/resource_index/packages
creating /home/tedee/Webots-Simulation-with-Teleop-Key/ros2_ws/install/webots_ros2_mavic/share/webots_ros2_mavic/launch
copying launch/robot_launch.py -> /home/tedee/Webots-Simulation-with-Teleop-Key/ros2_ws/install/webots_ros2_mavic/share/webots_ros2_mavic/launch
creating /home/tedee/Webots-Simulation-with-Teleop-Key/ros2_ws/install/webots_ros2_mavic/share/webots_ros2_mavic/worlds
copying worlds/mavic_world.wbt -> /home/tedee/Webots-Simulation-with-Teleop-Key/ros2_ws/install/webots_ros2_mavic/share/webots_ros2_mavic/worlds
copying worlds/.mavic_world.wbproj -> /home/tedee/Webots-Simulation-with-Teleop-Key/ros2_ws/install/webots_ros2_mavic/share/webots_ros2_mavic/worlds
creating /home/tedee/Webots-Simulation-with-Teleop-Key/ros2_ws/install/webots_ros2_mavic/share/webots_ros2_mavic/resource
copying resource/mavic_webots.urdf -> /home/tedee/Webots-Simulation-with-Teleop-Key/ros2_ws/install/webots_ros2_mavic/share/webots_ros2_mavic/resource
copying package.xml -> /home/tedee/Webots-Simulation-with-Teleop-Key/ros2_ws/install/webots_ros2_mavic/share/webots_ros2_mavic
running install_egg_info
Copying ../../../build/webots_ros2_mavic/webots_ros2_mavic.egg-info to /home/tedee/Webots-Simulation-with-Teleop-Key/ros2_ws/install/webots_ros2_mavic/lib/python3.10/site-packages/webots_ros2_mavic-2025.0.0-py3.10.egg-info
running install_scripts
writing list of installed files to '/home/tedee/Webots-Simulation-with-Teleop-Key/ros2_ws/build/webots_ros2_mavic/install.log'
