[0.841s] Invoking command in '/home/tedee/Webots-Simulation-with-Teleop-Key/ros2_ws/src/webots_ros2/webots_ros2_mavic': AMENT_PREFIX_PATH=/home/tedee/Webots-Simulation-with-Teleop-Key/ros2_ws/install/webots_ros2_driver:/home/tedee/Webots-Simulation-with-Teleop-Key/ros2_ws/install/webots_ros2_msgs:/home/tedee/Webots-Simulation-with-Teleop-Key/ros2_ws/install/webots_ros2_importer:${AMENT_PREFIX_PATH} CMAKE_PREFIX_PATH=/home/tedee/Webots-Simulation-with-Teleop-Key/ros2_ws/install/webots_ros2_driver:/home/tedee/Webots-Simulation-with-Teleop-Key/ros2_ws/install/webots_ros2_msgs LD_LIBRARY_PATH=/home/tedee/Webots-Simulation-with-Teleop-Key/ros2_ws/install/webots_ros2_driver/lib:/home/tedee/Webots-Simulation-with-Teleop-Key/ros2_ws/install/webots_ros2_msgs/lib:${LD_LIBRARY_PATH} PYTHONPATH=/home/tedee/Webots-Simulation-with-Teleop-Key/ros2_ws/build/webots_ros2_mavic/prefix_override:/usr/lib/python3/dist-packages/colcon_core/task/python/colcon_distutils_commands:/home/tedee/Webots-Simulation-with-Teleop-Key/ros2_ws/install/webots_ros2_mavic/lib/python3.10/site-packages:/home/tedee/Webots-Simulation-with-Teleop-Key/ros2_ws/install/webots_ros2_driver/local/lib/python3.10/dist-packages:/home/tedee/Webots-Simulation-with-Teleop-Key/ros2_ws/install/webots_ros2_msgs/local/lib/python3.10/dist-packages:/home/tedee/Webots-Simulation-with-Teleop-Key/ros2_ws/install/webots_ros2_importer/lib/python3.10/site-packages:${PYTHONPATH} /usr/bin/python3 -W ignore:setup.py install is deprecated -W ignore:easy_install command is deprecated setup.py egg_info --egg-base ../../../build/webots_ros2_mavic build --build-base /home/tedee/Webots-Simulation-with-Teleop-Key/ros2_ws/build/webots_ros2_mavic/build install --record /home/tedee/Webots-Simulation-with-Teleop-Key/ros2_ws/build/webots_ros2_mavic/install.log --single-version-externally-managed install_data
[1.015s] running egg_info
[1.015s] creating ../../../build/webots_ros2_mavic/webots_ros2_mavic.egg-info
[1.015s] writing ../../../build/webots_ros2_mavic/webots_ros2_mavic.egg-info/PKG-INFO
[1.015s] writing dependency_links to ../../../build/webots_ros2_mavic/webots_ros2_mavic.egg-info/dependency_links.txt
[1.015s] writing entry points to ../../../build/webots_ros2_mavic/webots_ros2_mavic.egg-info/entry_points.txt
[1.015s] writing requirements to ../../../build/webots_ros2_mavic/webots_ros2_mavic.egg-info/requires.txt
[1.015s] writing top-level names to ../../../build/webots_ros2_mavic/webots_ros2_mavic.egg-info/top_level.txt
[1.015s] writing manifest file '../../../build/webots_ros2_mavic/webots_ros2_mavic.egg-info/SOURCES.txt'
[1.016s] reading manifest file '../../../build/webots_ros2_mavic/webots_ros2_mavic.egg-info/SOURCES.txt'
[1.017s] writing manifest file '../../../build/webots_ros2_mavic/webots_ros2_mavic.egg-info/SOURCES.txt'
[1.018s] running build
[1.018s] running build_py
[1.018s] creating /home/tedee/Webots-Simulation-with-Teleop-Key/ros2_ws/build/webots_ros2_mavic/build
[1.018s] creating /home/tedee/Webots-Simulation-with-Teleop-Key/ros2_ws/build/webots_ros2_mavic/build/lib
[1.018s] creating /home/tedee/Webots-Simulation-with-Teleop-Key/ros2_ws/build/webots_ros2_mavic/build/lib/webots_ros2_mavic
[1.018s] copying webots_ros2_mavic/__init__.py -> /home/tedee/Webots-Simulation-with-Teleop-Key/ros2_ws/build/webots_ros2_mavic/build/lib/webots_ros2_mavic
[1.018s] copying webots_ros2_mavic/mavic_driver.py -> /home/tedee/Webots-Simulation-with-Teleop-Key/ros2_ws/build/webots_ros2_mavic/build/lib/webots_ros2_mavic
[1.018s] running install
[1.018s] running install_lib
[1.019s] creating /home/tedee/Webots-Simulation-with-Teleop-Key/ros2_ws/install/webots_ros2_mavic/lib/python3.10/site-packages/webots_ros2_mavic
[1.019s] copying /home/tedee/Webots-Simulation-with-Teleop-Key/ros2_ws/build/webots_ros2_mavic/build/lib/webots_ros2_mavic/__init__.py -> /home/tedee/Webots-Simulation-with-Teleop-Key/ros2_ws/install/webots_ros2_mavic/lib/python3.10/site-packages/webots_ros2_mavic
[1.020s] copying /home/tedee/Webots-Simulation-with-Teleop-Key/ros2_ws/build/webots_ros2_mavic/build/lib/webots_ros2_mavic/mavic_driver.py -> /home/tedee/Webots-Simulation-with-Teleop-Key/ros2_ws/install/webots_ros2_mavic/lib/python3.10/site-packages/webots_ros2_mavic
[1.020s] byte-compiling /home/tedee/Webots-Simulation-with-Teleop-Key/ros2_ws/install/webots_ros2_mavic/lib/python3.10/site-packages/webots_ros2_mavic/__init__.py to __init__.cpython-310.pyc
[1.020s] byte-compiling /home/tedee/Webots-Simulation-with-Teleop-Key/ros2_ws/install/webots_ros2_mavic/lib/python3.10/site-packages/webots_ros2_mavic/mavic_driver.py to mavic_driver.cpython-310.pyc
[1.020s] running install_data
[1.020s] creating /home/tedee/Webots-Simulation-with-Teleop-Key/ros2_ws/install/webots_ros2_mavic/share/ament_index
[1.020s] creating /home/tedee/Webots-Simulation-with-Teleop-Key/ros2_ws/install/webots_ros2_mavic/share/ament_index/resource_index
[1.020s] creating /home/tedee/Webots-Simulation-with-Teleop-Key/ros2_ws/install/webots_ros2_mavic/share/ament_index/resource_index/packages
[1.020s] copying resource/webots_ros2_mavic -> /home/tedee/Webots-Simulation-with-Teleop-Key/ros2_ws/install/webots_ros2_mavic/share/ament_index/resource_index/packages
[1.020s] creating /home/tedee/Webots-Simulation-with-Teleop-Key/ros2_ws/install/webots_ros2_mavic/share/webots_ros2_mavic/launch
[1.020s] copying launch/robot_launch.py -> /home/tedee/Webots-Simulation-with-Teleop-Key/ros2_ws/install/webots_ros2_mavic/share/webots_ros2_mavic/launch
[1.021s] creating /home/tedee/Webots-Simulation-with-Teleop-Key/ros2_ws/install/webots_ros2_mavic/share/webots_ros2_mavic/worlds
[1.021s] copying worlds/mavic_world.wbt -> /home/tedee/Webots-Simulation-with-Teleop-Key/ros2_ws/install/webots_ros2_mavic/share/webots_ros2_mavic/worlds
[1.021s] copying worlds/.mavic_world.wbproj -> /home/tedee/Webots-Simulation-with-Teleop-Key/ros2_ws/install/webots_ros2_mavic/share/webots_ros2_mavic/worlds
[1.021s] creating /home/tedee/Webots-Simulation-with-Teleop-Key/ros2_ws/install/webots_ros2_mavic/share/webots_ros2_mavic/resource
[1.021s] copying resource/mavic_webots.urdf -> /home/tedee/Webots-Simulation-with-Teleop-Key/ros2_ws/install/webots_ros2_mavic/share/webots_ros2_mavic/resource
[1.021s] copying package.xml -> /home/tedee/Webots-Simulation-with-Teleop-Key/ros2_ws/install/webots_ros2_mavic/share/webots_ros2_mavic
[1.021s] running install_egg_info
[1.022s] Copying ../../../build/webots_ros2_mavic/webots_ros2_mavic.egg-info to /home/tedee/Webots-Simulation-with-Teleop-Key/ros2_ws/install/webots_ros2_mavic/lib/python3.10/site-packages/webots_ros2_mavic-2025.0.0-py3.10.egg-info
[1.022s] running install_scripts
[1.035s] writing list of installed files to '/home/tedee/Webots-Simulation-with-Teleop-Key/ros2_ws/build/webots_ros2_mavic/install.log'
[1.059s] Invoked command in '/home/tedee/Webots-Simulation-with-Teleop-Key/ros2_ws/src/webots_ros2/webots_ros2_mavic' returned '0': AMENT_PREFIX_PATH=/home/tedee/Webots-Simulation-with-Teleop-Key/ros2_ws/install/webots_ros2_driver:/home/tedee/Webots-Simulation-with-Teleop-Key/ros2_ws/install/webots_ros2_msgs:/home/tedee/Webots-Simulation-with-Teleop-Key/ros2_ws/install/webots_ros2_importer:${AMENT_PREFIX_PATH} CMAKE_PREFIX_PATH=/home/tedee/Webots-Simulation-with-Teleop-Key/ros2_ws/install/webots_ros2_driver:/home/tedee/Webots-Simulation-with-Teleop-Key/ros2_ws/install/webots_ros2_msgs LD_LIBRARY_PATH=/home/tedee/Webots-Simulation-with-Teleop-Key/ros2_ws/install/webots_ros2_driver/lib:/home/tedee/Webots-Simulation-with-Teleop-Key/ros2_ws/install/webots_ros2_msgs/lib:${LD_LIBRARY_PATH} PYTHONPATH=/home/tedee/Webots-Simulation-with-Teleop-Key/ros2_ws/build/webots_ros2_mavic/prefix_override:/usr/lib/python3/dist-packages/colcon_core/task/python/colcon_distutils_commands:/home/tedee/Webots-Simulation-with-Teleop-Key/ros2_ws/install/webots_ros2_mavic/lib/python3.10/site-packages:/home/tedee/Webots-Simulation-with-Teleop-Key/ros2_ws/install/webots_ros2_driver/local/lib/python3.10/dist-packages:/home/tedee/Webots-Simulation-with-Teleop-Key/ros2_ws/install/webots_ros2_msgs/local/lib/python3.10/dist-packages:/home/tedee/Webots-Simulation-with-Teleop-Key/ros2_ws/install/webots_ros2_importer/lib/python3.10/site-packages:${PYTHONPATH} /usr/bin/python3 -W ignore:setup.py install is deprecated -W ignore:easy_install command is deprecated setup.py egg_info --egg-base ../../../build/webots_ros2_mavic build --build-base /home/tedee/Webots-Simulation-with-Teleop-Key/ros2_ws/build/webots_ros2_mavic/build install --record /home/tedee/Webots-Simulation-with-Teleop-Key/ros2_ws/build/webots_ros2_mavic/install.log --single-version-externally-managed install_data
