[0.008s] Invoking command in '/home/tedee/Webots-Simulation-with-Teleop-Key/ros2_ws/build/webots_ros2_driver': AMENT_PREFIX_PATH=/home/tedee/Webots-Simulation-with-Teleop-Key/ros2_ws/install/webots_ros2_msgs:/home/tedee/Webots-Simulation-with-Teleop-Key/ros2_ws/install/webots_ros2_importer:${AMENT_PREFIX_PATH} CMAKE_PREFIX_PATH=/home/tedee/Webots-Simulation-with-Teleop-Key/ros2_ws/install/webots_ros2_msgs:/home/tedee/ros2_ws/install/webots_ros2:/home/tedee/ros2_ws/install/webots_ros2_universal_robot:/home/tedee/ros2_ws/install/webots_ros2_turtlebot:/home/tedee/ros2_ws/install/webots_ros2_tiago:/home/tedee/ros2_ws/install/webots_ros2_tests:/home/tedee/ros2_ws/install/webots_ros2_tesla:/home/tedee/ros2_ws/install/webots_ros2_mavic:/home/tedee/ros2_ws/install/webots_ros2_husarion:/home/tedee/ros2_ws/install/webots_ros2_epuck:/home/tedee/ros2_ws/install/webots_ros2_crazyflie:/home/tedee/ros2_ws/install/webots_ros2_control:/home/tedee/ros2_ws/install/my_robot_controller:/home/tedee/ros2_ws/install/webots_ros2_driver:/home/tedee/ros2_ws/install/webots_ros2_msgs:/home/tedee/ros2_ws/install/webots_ros2_importer:/home/tedee/ros2_ws/install/webots_robot:/home/tedee/ros2_ws/install/webots_extern:/home/tedee/ros2_ws/install/dijkstra_planner:/home/tedee/ros2_ws/install/aruco:/opt/ros/humble LD_LIBRARY_PATH=/home/tedee/Webots-Simulation-with-Teleop-Key/ros2_ws/install/webots_ros2_msgs/lib:${LD_LIBRARY_PATH} PYTHONPATH=/home/tedee/Webots-Simulation-with-Teleop-Key/ros2_ws/install/webots_ros2_msgs/local/lib/python3.10/dist-packages:/home/tedee/Webots-Simulation-with-Teleop-Key/ros2_ws/install/webots_ros2_importer/lib/python3.10/site-packages:${PYTHONPATH} /usr/bin/cmake /home/tedee/Webots-Simulation-with-Teleop-Key/ros2_ws/src/webots_ros2/webots_ros2_driver -DCMAKE_INSTALL_PREFIX=/home/tedee/Webots-Simulation-with-Teleop-Key/ros2_ws/install/webots_ros2_driver
[0.046s] -- The C compiler identification is GNU 11.4.0
[0.085s] -- The CXX compiler identification is GNU 11.4.0
[0.090s] -- Detecting C compiler ABI info
[0.136s] -- Detecting C compiler ABI info - done
[0.140s] -- Check for working C compiler: /usr/bin/cc - skipped
[0.140s] -- Detecting C compile features
[0.140s] -- Detecting C compile features - done
[0.142s] -- Detecting CXX compiler ABI info
[0.202s] -- Detecting CXX compiler ABI info - done
[0.207s] -- Check for working CXX compiler: /usr/bin/c++ - skipped
[0.207s] -- Detecting CXX compile features
[0.208s] -- Detecting CXX compile features - done
[0.209s] -- Found ament_cmake: 1.3.11 (/opt/ros/humble/share/ament_cmake/cmake)
[0.320s] -- Found Python3: /usr/bin/python3 (found version "3.10.12") found components: Interpreter 
[0.385s] -- Found rosgraph_msgs: 1.2.1 (/opt/ros/humble/share/rosgraph_msgs/cmake)
[0.408s] -- Found rosidl_generator_c: 3.1.6 (/opt/ros/humble/share/rosidl_generator_c/cmake)
[0.411s] -- Found rosidl_adapter: 3.1.6 (/opt/ros/humble/share/rosidl_adapter/cmake)
[0.417s] -- Found rosidl_generator_cpp: 3.1.6 (/opt/ros/humble/share/rosidl_generator_cpp/cmake)
[0.424s] -- Using all available rosidl_typesupport_c: rosidl_typesupport_fastrtps_c;rosidl_typesupport_introspection_c
[0.434s] -- Using all available rosidl_typesupport_cpp: rosidl_typesupport_fastrtps_cpp;rosidl_typesupport_introspection_cpp
[0.450s] -- Found rclcpp: 16.0.12 (/opt/ros/humble/share/rclcpp/cmake)
[0.475s] -- Found rmw_implementation_cmake: 6.1.2 (/opt/ros/humble/share/rmw_implementation_cmake/cmake)
[0.477s] -- Found rmw_fastrtps_cpp: 6.2.7 (/opt/ros/humble/share/rmw_fastrtps_cpp/cmake)
[0.547s] -- Found OpenSSL: /usr/lib/x86_64-linux-gnu/libcrypto.so (found version "3.0.2")  
[0.564s] -- Found FastRTPS: /opt/ros/humble/include  
[0.588s] -- Using RMW implementation 'rmw_fastrtps_cpp' as default
[0.594s] -- Looking for pthread.h
[0.650s] -- Looking for pthread.h - found
[0.650s] -- Performing Test CMAKE_HAVE_LIBC_PTHREAD
[0.713s] -- Performing Test CMAKE_HAVE_LIBC_PTHREAD - Success
[0.714s] -- Found Threads: TRUE  
[0.738s] -- Found pluginlib: 5.1.0 (/opt/ros/humble/share/pluginlib/cmake)
[0.754s] -- Found sensor_msgs: 4.8.0 (/opt/ros/humble/share/sensor_msgs/cmake)
[0.771s] -- Found tf2_geometry_msgs: 0.25.12 (/opt/ros/humble/share/tf2_geometry_msgs/cmake)
[0.781s] -- Found eigen3_cmake_module: 0.1.1 (/opt/ros/humble/share/eigen3_cmake_module/cmake)
[0.781s] -- Found Eigen3: TRUE (found version "3.4.0") 
[0.781s] -- Ensuring Eigen3 include directory is part of orocos-kdl CMake target
[0.836s] -- Found vision_msgs: 4.1.1 (/opt/ros/humble/share/vision_msgs/cmake)
[0.844s] -- Found webots_ros2_msgs: 2025.0.0 (/home/tedee/Webots-Simulation-with-Teleop-Key/ros2_ws/install/webots_ros2_msgs/share/webots_ros2_msgs/cmake)
[0.854s] -- Found TinyXML2 via Config file: TinyXML2_DIR-NOTFOUND
[1.024s] -- Found Python: /usr/include/python3.10 (found suitable exact version "3.10.12") found components: Development Development.Module Development.Embed 
[1.218s] -- Configuring done
[1.231s] -- Generating done
[1.236s] -- Build files have been written to: /home/tedee/Webots-Simulation-with-Teleop-Key/ros2_ws/build/webots_ros2_driver
[1.244s] Invoked command in '/home/tedee/Webots-Simulation-with-Teleop-Key/ros2_ws/build/webots_ros2_driver' returned '0': AMENT_PREFIX_PATH=/home/tedee/Webots-Simulation-with-Teleop-Key/ros2_ws/install/webots_ros2_msgs:/home/tedee/Webots-Simulation-with-Teleop-Key/ros2_ws/install/webots_ros2_importer:${AMENT_PREFIX_PATH} CMAKE_PREFIX_PATH=/home/tedee/Webots-Simulation-with-Teleop-Key/ros2_ws/install/webots_ros2_msgs:/home/tedee/ros2_ws/install/webots_ros2:/home/tedee/ros2_ws/install/webots_ros2_universal_robot:/home/tedee/ros2_ws/install/webots_ros2_turtlebot:/home/tedee/ros2_ws/install/webots_ros2_tiago:/home/tedee/ros2_ws/install/webots_ros2_tests:/home/tedee/ros2_ws/install/webots_ros2_tesla:/home/tedee/ros2_ws/install/webots_ros2_mavic:/home/tedee/ros2_ws/install/webots_ros2_husarion:/home/tedee/ros2_ws/install/webots_ros2_epuck:/home/tedee/ros2_ws/install/webots_ros2_crazyflie:/home/tedee/ros2_ws/install/webots_ros2_control:/home/tedee/ros2_ws/install/my_robot_controller:/home/tedee/ros2_ws/install/webots_ros2_driver:/home/tedee/ros2_ws/install/webots_ros2_msgs:/home/tedee/ros2_ws/install/webots_ros2_importer:/home/tedee/ros2_ws/install/webots_robot:/home/tedee/ros2_ws/install/webots_extern:/home/tedee/ros2_ws/install/dijkstra_planner:/home/tedee/ros2_ws/install/aruco:/opt/ros/humble LD_LIBRARY_PATH=/home/tedee/Webots-Simulation-with-Teleop-Key/ros2_ws/install/webots_ros2_msgs/lib:${LD_LIBRARY_PATH} PYTHONPATH=/home/tedee/Webots-Simulation-with-Teleop-Key/ros2_ws/install/webots_ros2_msgs/local/lib/python3.10/dist-packages:/home/tedee/Webots-Simulation-with-Teleop-Key/ros2_ws/install/webots_ros2_importer/lib/python3.10/site-packages:${PYTHONPATH} /usr/bin/cmake /home/tedee/Webots-Simulation-with-Teleop-Key/ros2_ws/src/webots_ros2/webots_ros2_driver -DCMAKE_INSTALL_PREFIX=/home/tedee/Webots-Simulation-with-Teleop-Key/ros2_ws/install/webots_ros2_driver
[1.245s] Invoking command in '/home/tedee/Webots-Simulation-with-Teleop-Key/ros2_ws/build/webots_ros2_driver': AMENT_PREFIX_PATH=/home/tedee/Webots-Simulation-with-Teleop-Key/ros2_ws/install/webots_ros2_msgs:/home/tedee/Webots-Simulation-with-Teleop-Key/ros2_ws/install/webots_ros2_importer:${AMENT_PREFIX_PATH} CMAKE_PREFIX_PATH=/home/tedee/Webots-Simulation-with-Teleop-Key/ros2_ws/install/webots_ros2_msgs:/home/tedee/ros2_ws/install/webots_ros2:/home/tedee/ros2_ws/install/webots_ros2_universal_robot:/home/tedee/ros2_ws/install/webots_ros2_turtlebot:/home/tedee/ros2_ws/install/webots_ros2_tiago:/home/tedee/ros2_ws/install/webots_ros2_tests:/home/tedee/ros2_ws/install/webots_ros2_tesla:/home/tedee/ros2_ws/install/webots_ros2_mavic:/home/tedee/ros2_ws/install/webots_ros2_husarion:/home/tedee/ros2_ws/install/webots_ros2_epuck:/home/tedee/ros2_ws/install/webots_ros2_crazyflie:/home/tedee/ros2_ws/install/webots_ros2_control:/home/tedee/ros2_ws/install/my_robot_controller:/home/tedee/ros2_ws/install/webots_ros2_driver:/home/tedee/ros2_ws/install/webots_ros2_msgs:/home/tedee/ros2_ws/install/webots_ros2_importer:/home/tedee/ros2_ws/install/webots_robot:/home/tedee/ros2_ws/install/webots_extern:/home/tedee/ros2_ws/install/dijkstra_planner:/home/tedee/ros2_ws/install/aruco:/opt/ros/humble LD_LIBRARY_PATH=/home/tedee/Webots-Simulation-with-Teleop-Key/ros2_ws/install/webots_ros2_msgs/lib:${LD_LIBRARY_PATH} PYTHONPATH=/home/tedee/Webots-Simulation-with-Teleop-Key/ros2_ws/install/webots_ros2_msgs/local/lib/python3.10/dist-packages:/home/tedee/Webots-Simulation-with-Teleop-Key/ros2_ws/install/webots_ros2_importer/lib/python3.10/site-packages:${PYTHONPATH} /usr/bin/cmake --build /home/tedee/Webots-Simulation-with-Teleop-Key/ros2_ws/build/webots_ros2_driver -- -j20 -l20
[1.288s] [  0%] Built target ament_cmake_python_copy_vehicle
[1.288s] [  0%] Built target ament_cmake_python_copy_webots_ros2_driver
[1.291s] [  0%] Built target ament_cmake_python_copy_controller
[1.460s] running egg_info
[1.460s] creating vehicle.egg-info
[1.461s] writing vehicle.egg-info/PKG-INFO
[1.461s] writing dependency_links to vehicle.egg-info/dependency_links.txt
[1.461s] writing top-level names to vehicle.egg-info/top_level.txt
[1.461s] writing manifest file 'vehicle.egg-info/SOURCES.txt'
[1.462s] reading manifest file 'vehicle.egg-info/SOURCES.txt'
[1.462s] writing manifest file 'vehicle.egg-info/SOURCES.txt'
[1.465s] running egg_info
[1.466s] running egg_info
[1.466s] creating controller.egg-info
[1.466s] writing controller.egg-info/PKG-INFO
[1.466s] writing dependency_links to controller.egg-info/dependency_links.txt
[1.466s] writing top-level names to controller.egg-info/top_level.txt
[1.466s] creating webots_ros2_driver.egg-info
[1.466s] writing manifest file 'controller.egg-info/SOURCES.txt'
[1.466s] writing webots_ros2_driver.egg-info/PKG-INFO
[1.466s] writing dependency_links to webots_ros2_driver.egg-info/dependency_links.txt
[1.466s] writing top-level names to webots_ros2_driver.egg-info/top_level.txt
[1.466s] writing manifest file 'webots_ros2_driver.egg-info/SOURCES.txt'
[1.467s] reading manifest file 'controller.egg-info/SOURCES.txt'
[1.468s] reading manifest file 'webots_ros2_driver.egg-info/SOURCES.txt'
[1.468s] writing manifest file 'webots_ros2_driver.egg-info/SOURCES.txt'
[1.468s] writing manifest file 'controller.egg-info/SOURCES.txt'
[1.480s] [  0%] Built target ament_cmake_python_build_vehicle_egg
[1.487s] [  0%] Built target ament_cmake_python_build_webots_ros2_driver_egg
[1.488s] [  0%] Built target ament_cmake_python_build_controller_egg
[1.640s] [  0%] Built target compile-lib-controller
[1.705s] [  0%] Built target compile-generic-window
[2.032s] [  0%] Built target compile-lib-vehicle
[2.051s] [  3%] [32mBuilding CXX object CMakeFiles/webots_ros2_driver_rgbd.dir/src/plugins/Ros2SensorPlugin.cpp.o[0m
[2.051s] [  7%] [32mBuilding CXX object CMakeFiles/webots_ros2_driver_rgbd.dir/src/plugins/dynamic/Ros2RGBD.cpp.o[0m
[2.052s] [ 14%] [32mBuilding CXX object CMakeFiles/driver.dir/src/PythonPlugin.cpp.o[0m
[2.052s] [ 14%] [32mBuilding CXX object CMakeFiles/webots_ros2_driver_rgbd.dir/src/utils/Utils.cpp.o[0m
[2.052s] [ 18%] [32mBuilding CXX object CMakeFiles/driver.dir/src/WebotsNode.cpp.o[0m
[2.052s] [ 22%] [32mBuilding CXX object CMakeFiles/webots_ros2_driver_imu.dir/src/plugins/dynamic/Ros2IMU.cpp.o[0m
[2.052s] [ 25%] [32mBuilding CXX object CMakeFiles/driver.dir/src/plugins/Ros2SensorPlugin.cpp.o[0m
[2.053s] [ 33%] [32mBuilding CXX object CMakeFiles/webots_ros2_driver_imu.dir/src/utils/Utils.cpp.o[0m
[2.053s] [ 33%] [32mBuilding CXX object CMakeFiles/driver.dir/src/plugins/static/Ros2LED.cpp.o[0m
[2.053s] [ 37%] [32mBuilding CXX object CMakeFiles/driver.dir/src/Driver.cpp.o[0m
[2.053s] [ 40%] [32mBuilding CXX object CMakeFiles/driver.dir/src/plugins/static/Ros2Camera.cpp.o[0m
[2.053s] [ 44%] [32mBuilding CXX object CMakeFiles/driver.dir/src/plugins/static/Ros2DistanceSensor.cpp.o[0m
[2.053s] [ 48%] [32mBuilding CXX object CMakeFiles/driver.dir/src/plugins/static/Ros2LightSensor.cpp.o[0m
[2.054s] [ 51%] [32mBuilding CXX object CMakeFiles/driver.dir/src/plugins/static/Ros2Pen.cpp.o[0m
[2.054s] [ 55%] [32mBuilding CXX object CMakeFiles/driver.dir/src/plugins/static/Ros2Lidar.cpp.o[0m
[2.054s] [ 59%] [32mBuilding CXX object CMakeFiles/driver.dir/src/plugins/static/Ros2Receiver.cpp.o[0m
[2.054s] [ 62%] [32mBuilding CXX object CMakeFiles/driver.dir/src/plugins/static/Ros2RangeFinder.cpp.o[0m
[2.055s] [ 66%] [32mBuilding CXX object CMakeFiles/webots_ros2_driver_imu.dir/src/plugins/Ros2SensorPlugin.cpp.o[0m
[2.056s] [ 70%] [32mBuilding CXX object CMakeFiles/driver.dir/src/plugins/static/Ros2GPS.cpp.o[0m
[2.056s] [ 74%] [32mBuilding CXX object CMakeFiles/driver.dir/src/plugins/static/Ros2Emitter.cpp.o[0m
[2.495s] [ 77%] [32mBuilding CXX object CMakeFiles/driver.dir/src/plugins/static/Ros2Compass.cpp.o[0m
[2.497s] [ 81%] [32mBuilding CXX object CMakeFiles/driver.dir/src/plugins/static/Ros2VacuumGripper.cpp.o[0m
[7.052s] [ 85%] [32mBuilding CXX object CMakeFiles/driver.dir/src/utils/Math.cpp.o[0m
[7.302s] [ 88%] [32mBuilding CXX object CMakeFiles/driver.dir/src/utils/Utils.cpp.o[0m
[8.596s] [ 92%] [32m[1mLinking CXX shared library libwebots_ros2_driver_imu.so[0m
[8.611s] [ 96%] [32m[1mLinking CXX shared library libwebots_ros2_driver_rgbd.so[0m
[8.832s] [ 96%] Built target webots_ros2_driver_rgbd
[8.936s] [ 96%] Built target webots_ros2_driver_imu
[12.891s] [100%] [32m[1mLinking CXX executable driver[0m
[14.104s] [100%] Built target driver
[14.111s] Invoked command in '/home/tedee/Webots-Simulation-with-Teleop-Key/ros2_ws/build/webots_ros2_driver' returned '0': AMENT_PREFIX_PATH=/home/tedee/Webots-Simulation-with-Teleop-Key/ros2_ws/install/webots_ros2_msgs:/home/tedee/Webots-Simulation-with-Teleop-Key/ros2_ws/install/webots_ros2_importer:${AMENT_PREFIX_PATH} CMAKE_PREFIX_PATH=/home/tedee/Webots-Simulation-with-Teleop-Key/ros2_ws/install/webots_ros2_msgs:/home/tedee/ros2_ws/install/webots_ros2:/home/tedee/ros2_ws/install/webots_ros2_universal_robot:/home/tedee/ros2_ws/install/webots_ros2_turtlebot:/home/tedee/ros2_ws/install/webots_ros2_tiago:/home/tedee/ros2_ws/install/webots_ros2_tests:/home/tedee/ros2_ws/install/webots_ros2_tesla:/home/tedee/ros2_ws/install/webots_ros2_mavic:/home/tedee/ros2_ws/install/webots_ros2_husarion:/home/tedee/ros2_ws/install/webots_ros2_epuck:/home/tedee/ros2_ws/install/webots_ros2_crazyflie:/home/tedee/ros2_ws/install/webots_ros2_control:/home/tedee/ros2_ws/install/my_robot_controller:/home/tedee/ros2_ws/install/webots_ros2_driver:/home/tedee/ros2_ws/install/webots_ros2_msgs:/home/tedee/ros2_ws/install/webots_ros2_importer:/home/tedee/ros2_ws/install/webots_robot:/home/tedee/ros2_ws/install/webots_extern:/home/tedee/ros2_ws/install/dijkstra_planner:/home/tedee/ros2_ws/install/aruco:/opt/ros/humble LD_LIBRARY_PATH=/home/tedee/Webots-Simulation-with-Teleop-Key/ros2_ws/install/webots_ros2_msgs/lib:${LD_LIBRARY_PATH} PYTHONPATH=/home/tedee/Webots-Simulation-with-Teleop-Key/ros2_ws/install/webots_ros2_msgs/local/lib/python3.10/dist-packages:/home/tedee/Webots-Simulation-with-Teleop-Key/ros2_ws/install/webots_ros2_importer/lib/python3.10/site-packages:${PYTHONPATH} /usr/bin/cmake --build /home/tedee/Webots-Simulation-with-Teleop-Key/ros2_ws/build/webots_ros2_driver -- -j20 -l20
[14.112s] Invoking command in '/home/tedee/Webots-Simulation-with-Teleop-Key/ros2_ws/build/webots_ros2_driver': AMENT_PREFIX_PATH=/home/tedee/Webots-Simulation-with-Teleop-Key/ros2_ws/install/webots_ros2_msgs:/home/tedee/Webots-Simulation-with-Teleop-Key/ros2_ws/install/webots_ros2_importer:${AMENT_PREFIX_PATH} CMAKE_PREFIX_PATH=/home/tedee/Webots-Simulation-with-Teleop-Key/ros2_ws/install/webots_ros2_msgs:/home/tedee/ros2_ws/install/webots_ros2:/home/tedee/ros2_ws/install/webots_ros2_universal_robot:/home/tedee/ros2_ws/install/webots_ros2_turtlebot:/home/tedee/ros2_ws/install/webots_ros2_tiago:/home/tedee/ros2_ws/install/webots_ros2_tests:/home/tedee/ros2_ws/install/webots_ros2_tesla:/home/tedee/ros2_ws/install/webots_ros2_mavic:/home/tedee/ros2_ws/install/webots_ros2_husarion:/home/tedee/ros2_ws/install/webots_ros2_epuck:/home/tedee/ros2_ws/install/webots_ros2_crazyflie:/home/tedee/ros2_ws/install/webots_ros2_control:/home/tedee/ros2_ws/install/my_robot_controller:/home/tedee/ros2_ws/install/webots_ros2_driver:/home/tedee/ros2_ws/install/webots_ros2_msgs:/home/tedee/ros2_ws/install/webots_ros2_importer:/home/tedee/ros2_ws/install/webots_robot:/home/tedee/ros2_ws/install/webots_extern:/home/tedee/ros2_ws/install/dijkstra_planner:/home/tedee/ros2_ws/install/aruco:/opt/ros/humble LD_LIBRARY_PATH=/home/tedee/Webots-Simulation-with-Teleop-Key/ros2_ws/install/webots_ros2_msgs/lib:${LD_LIBRARY_PATH} PYTHONPATH=/home/tedee/Webots-Simulation-with-Teleop-Key/ros2_ws/install/webots_ros2_msgs/local/lib/python3.10/dist-packages:/home/tedee/Webots-Simulation-with-Teleop-Key/ros2_ws/install/webots_ros2_importer/lib/python3.10/site-packages:${PYTHONPATH} /usr/bin/cmake --install /home/tedee/Webots-Simulation-with-Teleop-Key/ros2_ws/build/webots_ros2_driver
[14.118s] -- Install configuration: ""
[14.118s] -- Installing: /home/tedee/Webots-Simulation-with-Teleop-Key/ros2_ws/install/webots_ros2_driver/share/webots_ros2_driver/environment/pythonpath.sh
[14.118s] -- Installing: /home/tedee/Webots-Simulation-with-Teleop-Key/ros2_ws/install/webots_ros2_driver/share/webots_ros2_driver/environment/pythonpath.dsv
[14.118s] -- Installing: /home/tedee/Webots-Simulation-with-Teleop-Key/ros2_ws/install/webots_ros2_driver/local/lib/python3.10/dist-packages/controller-2025.0.0-py3.10.egg-info
[14.118s] -- Installing: /home/tedee/Webots-Simulation-with-Teleop-Key/ros2_ws/install/webots_ros2_driver/local/lib/python3.10/dist-packages/controller-2025.0.0-py3.10.egg-info/dependency_links.txt
[14.118s] -- Installing: /home/tedee/Webots-Simulation-with-Teleop-Key/ros2_ws/install/webots_ros2_driver/local/lib/python3.10/dist-packages/controller-2025.0.0-py3.10.egg-info/SOURCES.txt
[14.118s] -- Installing: /home/tedee/Webots-Simulation-with-Teleop-Key/ros2_ws/install/webots_ros2_driver/local/lib/python3.10/dist-packages/controller-2025.0.0-py3.10.egg-info/top_level.txt
[14.118s] -- Installing: /home/tedee/Webots-Simulation-with-Teleop-Key/ros2_ws/install/webots_ros2_driver/local/lib/python3.10/dist-packages/controller-2025.0.0-py3.10.egg-info/PKG-INFO
[14.119s] -- Installing: /home/tedee/Webots-Simulation-with-Teleop-Key/ros2_ws/install/webots_ros2_driver/local/lib/python3.10/dist-packages/controller
[14.119s] -- Installing: /home/tedee/Webots-Simulation-with-Teleop-Key/ros2_ws/install/webots_ros2_driver/local/lib/python3.10/dist-packages/controller/skin.py
[14.119s] -- Installing: /home/tedee/Webots-Simulation-with-Teleop-Key/ros2_ws/install/webots_ros2_driver/local/lib/python3.10/dist-packages/controller/accelerometer.py
[14.119s] -- Installing: /home/tedee/Webots-Simulation-with-Teleop-Key/ros2_ws/install/webots_ros2_driver/local/lib/python3.10/dist-packages/controller/node.py
[14.119s] -- Installing: /home/tedee/Webots-Simulation-with-Teleop-Key/ros2_ws/install/webots_ros2_driver/local/lib/python3.10/dist-packages/controller/camera.py
[14.119s] -- Installing: /home/tedee/Webots-Simulation-with-Teleop-Key/ros2_ws/install/webots_ros2_driver/local/lib/python3.10/dist-packages/controller/gps.py
[14.119s] -- Installing: /home/tedee/Webots-Simulation-with-Teleop-Key/ros2_ws/install/webots_ros2_driver/local/lib/python3.10/dist-packages/controller/constants.py
[14.119s] -- Installing: /home/tedee/Webots-Simulation-with-Teleop-Key/ros2_ws/install/webots_ros2_driver/local/lib/python3.10/dist-packages/controller/supervisor.py
[14.119s] -- Installing: /home/tedee/Webots-Simulation-with-Teleop-Key/ros2_ws/install/webots_ros2_driver/local/lib/python3.10/dist-packages/controller/emitter.py
[14.119s] -- Installing: /home/tedee/Webots-Simulation-with-Teleop-Key/ros2_ws/install/webots_ros2_driver/local/lib/python3.10/dist-packages/controller/__init__.py
[14.119s] -- Installing: /home/tedee/Webots-Simulation-with-Teleop-Key/ros2_ws/install/webots_ros2_driver/local/lib/python3.10/dist-packages/controller/lidar.py
[14.119s] -- Installing: /home/tedee/Webots-Simulation-with-Teleop-Key/ros2_ws/install/webots_ros2_driver/local/lib/python3.10/dist-packages/controller/robot.py
[14.119s] -- Installing: /home/tedee/Webots-Simulation-with-Teleop-Key/ros2_ws/install/webots_ros2_driver/local/lib/python3.10/dist-packages/controller/device.py
[14.119s] -- Installing: /home/tedee/Webots-Simulation-with-Teleop-Key/ros2_ws/install/webots_ros2_driver/local/lib/python3.10/dist-packages/controller/display.py
[14.119s] -- Installing: /home/tedee/Webots-Simulation-with-Teleop-Key/ros2_ws/install/webots_ros2_driver/local/lib/python3.10/dist-packages/controller/radar.py
[14.119s] -- Installing: /home/tedee/Webots-Simulation-with-Teleop-Key/ros2_ws/install/webots_ros2_driver/local/lib/python3.10/dist-packages/controller/position_sensor.py
[14.119s] -- Installing: /home/tedee/Webots-Simulation-with-Teleop-Key/ros2_ws/install/webots_ros2_driver/local/lib/python3.10/dist-packages/controller/joystick.py
[14.119s] -- Installing: /home/tedee/Webots-Simulation-with-Teleop-Key/ros2_ws/install/webots_ros2_driver/local/lib/python3.10/dist-packages/controller/compass.py
[14.119s] -- Installing: /home/tedee/Webots-Simulation-with-Teleop-Key/ros2_ws/install/webots_ros2_driver/local/lib/python3.10/dist-packages/controller/sensor.py
[14.119s] -- Installing: /home/tedee/Webots-Simulation-with-Teleop-Key/ros2_ws/install/webots_ros2_driver/local/lib/python3.10/dist-packages/controller/receiver.py
[14.119s] -- Installing: /home/tedee/Webots-Simulation-with-Teleop-Key/ros2_ws/install/webots_ros2_driver/local/lib/python3.10/dist-packages/controller/keyboard.py
[14.119s] -- Installing: /home/tedee/Webots-Simulation-with-Teleop-Key/ros2_ws/install/webots_ros2_driver/local/lib/python3.10/dist-packages/controller/inertial_unit.py
[14.119s] -- Installing: /home/tedee/Webots-Simulation-with-Teleop-Key/ros2_ws/install/webots_ros2_driver/local/lib/python3.10/dist-packages/controller/range_finder.py
[14.119s] -- Installing: /home/tedee/Webots-Simulation-with-Teleop-Key/ros2_ws/install/webots_ros2_driver/local/lib/python3.10/dist-packages/controller/light_sensor.py
[14.119s] -- Installing: /home/tedee/Webots-Simulation-with-Teleop-Key/ros2_ws/install/webots_ros2_driver/local/lib/python3.10/dist-packages/controller/field.py
[14.119s] -- Installing: /home/tedee/Webots-Simulation-with-Teleop-Key/ros2_ws/install/webots_ros2_driver/local/lib/python3.10/dist-packages/controller/vacuum_gripper.py
[14.119s] -- Installing: /home/tedee/Webots-Simulation-with-Teleop-Key/ros2_ws/install/webots_ros2_driver/local/lib/python3.10/dist-packages/controller/radar_target.py
[14.119s] -- Installing: /home/tedee/Webots-Simulation-with-Teleop-Key/ros2_ws/install/webots_ros2_driver/local/lib/python3.10/dist-packages/controller/pen.py
[14.119s] -- Installing: /home/tedee/Webots-Simulation-with-Teleop-Key/ros2_ws/install/webots_ros2_driver/local/lib/python3.10/dist-packages/controller/led.py
[14.119s] -- Installing: /home/tedee/Webots-Simulation-with-Teleop-Key/ros2_ws/install/webots_ros2_driver/local/lib/python3.10/dist-packages/controller/wb.py
[14.119s] -- Installing: /home/tedee/Webots-Simulation-with-Teleop-Key/ros2_ws/install/webots_ros2_driver/local/lib/python3.10/dist-packages/controller/speaker.py
[14.119s] -- Installing: /home/tedee/Webots-Simulation-with-Teleop-Key/ros2_ws/install/webots_ros2_driver/local/lib/python3.10/dist-packages/controller/connector.py
[14.119s] -- Installing: /home/tedee/Webots-Simulation-with-Teleop-Key/ros2_ws/install/webots_ros2_driver/local/lib/python3.10/dist-packages/controller/altimeter.py
[14.119s] -- Installing: /home/tedee/Webots-Simulation-with-Teleop-Key/ros2_ws/install/webots_ros2_driver/local/lib/python3.10/dist-packages/controller/motion.py
[14.119s] -- Installing: /home/tedee/Webots-Simulation-with-Teleop-Key/ros2_ws/install/webots_ros2_driver/local/lib/python3.10/dist-packages/controller/distance_sensor.py
[14.120s] -- Installing: /home/tedee/Webots-Simulation-with-Teleop-Key/ros2_ws/install/webots_ros2_driver/local/lib/python3.10/dist-packages/controller/gyro.py
[14.120s] -- Installing: /home/tedee/Webots-Simulation-with-Teleop-Key/ros2_ws/install/webots_ros2_driver/local/lib/python3.10/dist-packages/controller/touch_sensor.py
[14.120s] -- Installing: /home/tedee/Webots-Simulation-with-Teleop-Key/ros2_ws/install/webots_ros2_driver/local/lib/python3.10/dist-packages/controller/ansi_codes.py
[14.120s] -- Installing: /home/tedee/Webots-Simulation-with-Teleop-Key/ros2_ws/install/webots_ros2_driver/local/lib/python3.10/dist-packages/controller/mouse.py
[14.120s] -- Installing: /home/tedee/Webots-Simulation-with-Teleop-Key/ros2_ws/install/webots_ros2_driver/local/lib/python3.10/dist-packages/controller/proto.py
[14.120s] -- Installing: /home/tedee/Webots-Simulation-with-Teleop-Key/ros2_ws/install/webots_ros2_driver/local/lib/python3.10/dist-packages/controller/motor.py
[14.120s] -- Installing: /home/tedee/Webots-Simulation-with-Teleop-Key/ros2_ws/install/webots_ros2_driver/local/lib/python3.10/dist-packages/controller/lidar_point.py
[14.120s] -- Installing: /home/tedee/Webots-Simulation-with-Teleop-Key/ros2_ws/install/webots_ros2_driver/local/lib/python3.10/dist-packages/controller/brake.py
[14.159s] Listing '/home/tedee/Webots-Simulation-with-Teleop-Key/ros2_ws/install/webots_ros2_driver/local/lib/python3.10/dist-packages/controller'...
[14.159s] Compiling '/home/tedee/Webots-Simulation-with-Teleop-Key/ros2_ws/install/webots_ros2_driver/local/lib/python3.10/dist-packages/controller/__init__.py'...
[14.159s] Compiling '/home/tedee/Webots-Simulation-with-Teleop-Key/ros2_ws/install/webots_ros2_driver/local/lib/python3.10/dist-packages/controller/accelerometer.py'...
[14.159s] Compiling '/home/tedee/Webots-Simulation-with-Teleop-Key/ros2_ws/install/webots_ros2_driver/local/lib/python3.10/dist-packages/controller/altimeter.py'...
[14.159s] Compiling '/home/tedee/Webots-Simulation-with-Teleop-Key/ros2_ws/install/webots_ros2_driver/local/lib/python3.10/dist-packages/controller/ansi_codes.py'...
[14.159s] Compiling '/home/tedee/Webots-Simulation-with-Teleop-Key/ros2_ws/install/webots_ros2_driver/local/lib/python3.10/dist-packages/controller/brake.py'...
[14.159s] Compiling '/home/tedee/Webots-Simulation-with-Teleop-Key/ros2_ws/install/webots_ros2_driver/local/lib/python3.10/dist-packages/controller/camera.py'...
[14.159s] Compiling '/home/tedee/Webots-Simulation-with-Teleop-Key/ros2_ws/install/webots_ros2_driver/local/lib/python3.10/dist-packages/controller/compass.py'...
[14.159s] Compiling '/home/tedee/Webots-Simulation-with-Teleop-Key/ros2_ws/install/webots_ros2_driver/local/lib/python3.10/dist-packages/controller/connector.py'...
[14.159s] Compiling '/home/tedee/Webots-Simulation-with-Teleop-Key/ros2_ws/install/webots_ros2_driver/local/lib/python3.10/dist-packages/controller/constants.py'...
[14.159s] Compiling '/home/tedee/Webots-Simulation-with-Teleop-Key/ros2_ws/install/webots_ros2_driver/local/lib/python3.10/dist-packages/controller/device.py'...
[14.159s] Compiling '/home/tedee/Webots-Simulation-with-Teleop-Key/ros2_ws/install/webots_ros2_driver/local/lib/python3.10/dist-packages/controller/display.py'...
[14.159s] Compiling '/home/tedee/Webots-Simulation-with-Teleop-Key/ros2_ws/install/webots_ros2_driver/local/lib/python3.10/dist-packages/controller/distance_sensor.py'...
[14.159s] Compiling '/home/tedee/Webots-Simulation-with-Teleop-Key/ros2_ws/install/webots_ros2_driver/local/lib/python3.10/dist-packages/controller/emitter.py'...
[14.159s] Compiling '/home/tedee/Webots-Simulation-with-Teleop-Key/ros2_ws/install/webots_ros2_driver/local/lib/python3.10/dist-packages/controller/field.py'...
[14.159s] Compiling '/home/tedee/Webots-Simulation-with-Teleop-Key/ros2_ws/install/webots_ros2_driver/local/lib/python3.10/dist-packages/controller/gps.py'...
[14.159s] Compiling '/home/tedee/Webots-Simulation-with-Teleop-Key/ros2_ws/install/webots_ros2_driver/local/lib/python3.10/dist-packages/controller/gyro.py'...
[14.159s] Compiling '/home/tedee/Webots-Simulation-with-Teleop-Key/ros2_ws/install/webots_ros2_driver/local/lib/python3.10/dist-packages/controller/inertial_unit.py'...
[14.159s] Compiling '/home/tedee/Webots-Simulation-with-Teleop-Key/ros2_ws/install/webots_ros2_driver/local/lib/python3.10/dist-packages/controller/joystick.py'...
[14.159s] Compiling '/home/tedee/Webots-Simulation-with-Teleop-Key/ros2_ws/install/webots_ros2_driver/local/lib/python3.10/dist-packages/controller/keyboard.py'...
[14.159s] Compiling '/home/tedee/Webots-Simulation-with-Teleop-Key/ros2_ws/install/webots_ros2_driver/local/lib/python3.10/dist-packages/controller/led.py'...
[14.159s] Compiling '/home/tedee/Webots-Simulation-with-Teleop-Key/ros2_ws/install/webots_ros2_driver/local/lib/python3.10/dist-packages/controller/lidar.py'...
[14.159s] Compiling '/home/tedee/Webots-Simulation-with-Teleop-Key/ros2_ws/install/webots_ros2_driver/local/lib/python3.10/dist-packages/controller/lidar_point.py'...
[14.159s] Compiling '/home/tedee/Webots-Simulation-with-Teleop-Key/ros2_ws/install/webots_ros2_driver/local/lib/python3.10/dist-packages/controller/light_sensor.py'...
[14.159s] Compiling '/home/tedee/Webots-Simulation-with-Teleop-Key/ros2_ws/install/webots_ros2_driver/local/lib/python3.10/dist-packages/controller/motion.py'...
[14.159s] Compiling '/home/tedee/Webots-Simulation-with-Teleop-Key/ros2_ws/install/webots_ros2_driver/local/lib/python3.10/dist-packages/controller/motor.py'...
[14.159s] Compiling '/home/tedee/Webots-Simulation-with-Teleop-Key/ros2_ws/install/webots_ros2_driver/local/lib/python3.10/dist-packages/controller/mouse.py'...
[14.159s] Compiling '/home/tedee/Webots-Simulation-with-Teleop-Key/ros2_ws/install/webots_ros2_driver/local/lib/python3.10/dist-packages/controller/node.py'...
[14.159s] Compiling '/home/tedee/Webots-Simulation-with-Teleop-Key/ros2_ws/install/webots_ros2_driver/local/lib/python3.10/dist-packages/controller/pen.py'...
[14.159s] Compiling '/home/tedee/Webots-Simulation-with-Teleop-Key/ros2_ws/install/webots_ros2_driver/local/lib/python3.10/dist-packages/controller/position_sensor.py'...
[14.159s] Compiling '/home/tedee/Webots-Simulation-with-Teleop-Key/ros2_ws/install/webots_ros2_driver/local/lib/python3.10/dist-packages/controller/proto.py'...
[14.159s] Compiling '/home/tedee/Webots-Simulation-with-Teleop-Key/ros2_ws/install/webots_ros2_driver/local/lib/python3.10/dist-packages/controller/radar.py'...
[14.159s] Compiling '/home/tedee/Webots-Simulation-with-Teleop-Key/ros2_ws/install/webots_ros2_driver/local/lib/python3.10/dist-packages/controller/radar_target.py'...
[14.160s] Compiling '/home/tedee/Webots-Simulation-with-Teleop-Key/ros2_ws/install/webots_ros2_driver/local/lib/python3.10/dist-packages/controller/range_finder.py'...
[14.160s] Compiling '/home/tedee/Webots-Simulation-with-Teleop-Key/ros2_ws/install/webots_ros2_driver/local/lib/python3.10/dist-packages/controller/receiver.py'...
[14.160s] Compiling '/home/tedee/Webots-Simulation-with-Teleop-Key/ros2_ws/install/webots_ros2_driver/local/lib/python3.10/dist-packages/controller/robot.py'...
[14.160s] Compiling '/home/tedee/Webots-Simulation-with-Teleop-Key/ros2_ws/install/webots_ros2_driver/local/lib/python3.10/dist-packages/controller/sensor.py'...
[14.160s] Compiling '/home/tedee/Webots-Simulation-with-Teleop-Key/ros2_ws/install/webots_ros2_driver/local/lib/python3.10/dist-packages/controller/skin.py'...
[14.160s] Compiling '/home/tedee/Webots-Simulation-with-Teleop-Key/ros2_ws/install/webots_ros2_driver/local/lib/python3.10/dist-packages/controller/speaker.py'...
[14.160s] Compiling '/home/tedee/Webots-Simulation-with-Teleop-Key/ros2_ws/install/webots_ros2_driver/local/lib/python3.10/dist-packages/controller/supervisor.py'...
[14.160s] Compiling '/home/tedee/Webots-Simulation-with-Teleop-Key/ros2_ws/install/webots_ros2_driver/local/lib/python3.10/dist-packages/controller/touch_sensor.py'...
[14.160s] Compiling '/home/tedee/Webots-Simulation-with-Teleop-Key/ros2_ws/install/webots_ros2_driver/local/lib/python3.10/dist-packages/controller/vacuum_gripper.py'...
[14.160s] Compiling '/home/tedee/Webots-Simulation-with-Teleop-Key/ros2_ws/install/webots_ros2_driver/local/lib/python3.10/dist-packages/controller/wb.py'...
[14.161s] -- Installing: /home/tedee/Webots-Simulation-with-Teleop-Key/ros2_ws/install/webots_ros2_driver/local/lib/python3.10/dist-packages/vehicle-2025.0.0-py3.10.egg-info
[14.162s] -- Installing: /home/tedee/Webots-Simulation-with-Teleop-Key/ros2_ws/install/webots_ros2_driver/local/lib/python3.10/dist-packages/vehicle-2025.0.0-py3.10.egg-info/dependency_links.txt
[14.162s] -- Installing: /home/tedee/Webots-Simulation-with-Teleop-Key/ros2_ws/install/webots_ros2_driver/local/lib/python3.10/dist-packages/vehicle-2025.0.0-py3.10.egg-info/SOURCES.txt
[14.162s] -- Installing: /home/tedee/Webots-Simulation-with-Teleop-Key/ros2_ws/install/webots_ros2_driver/local/lib/python3.10/dist-packages/vehicle-2025.0.0-py3.10.egg-info/top_level.txt
[14.162s] -- Installing: /home/tedee/Webots-Simulation-with-Teleop-Key/ros2_ws/install/webots_ros2_driver/local/lib/python3.10/dist-packages/vehicle-2025.0.0-py3.10.egg-info/PKG-INFO
[14.162s] -- Installing: /home/tedee/Webots-Simulation-with-Teleop-Key/ros2_ws/install/webots_ros2_driver/local/lib/python3.10/dist-packages/vehicle
[14.162s] -- Installing: /home/tedee/Webots-Simulation-with-Teleop-Key/ros2_ws/install/webots_ros2_driver/local/lib/python3.10/dist-packages/vehicle/__init__.py
[14.162s] -- Installing: /home/tedee/Webots-Simulation-with-Teleop-Key/ros2_ws/install/webots_ros2_driver/local/lib/python3.10/dist-packages/vehicle/car.py
[14.162s] -- Installing: /home/tedee/Webots-Simulation-with-Teleop-Key/ros2_ws/install/webots_ros2_driver/local/lib/python3.10/dist-packages/vehicle/driver.py
[14.186s] Listing '/home/tedee/Webots-Simulation-with-Teleop-Key/ros2_ws/install/webots_ros2_driver/local/lib/python3.10/dist-packages/vehicle'...
[14.186s] Compiling '/home/tedee/Webots-Simulation-with-Teleop-Key/ros2_ws/install/webots_ros2_driver/local/lib/python3.10/dist-packages/vehicle/__init__.py'...
[14.186s] Compiling '/home/tedee/Webots-Simulation-with-Teleop-Key/ros2_ws/install/webots_ros2_driver/local/lib/python3.10/dist-packages/vehicle/car.py'...
[14.186s] Compiling '/home/tedee/Webots-Simulation-with-Teleop-Key/ros2_ws/install/webots_ros2_driver/local/lib/python3.10/dist-packages/vehicle/driver.py'...
[14.189s] -- Installing: /home/tedee/Webots-Simulation-with-Teleop-Key/ros2_ws/install/webots_ros2_driver/local/lib/python3.10/dist-packages/webots_ros2_driver-2025.0.0-py3.10.egg-info
[14.189s] -- Installing: /home/tedee/Webots-Simulation-with-Teleop-Key/ros2_ws/install/webots_ros2_driver/local/lib/python3.10/dist-packages/webots_ros2_driver-2025.0.0-py3.10.egg-info/dependency_links.txt
[14.189s] -- Installing: /home/tedee/Webots-Simulation-with-Teleop-Key/ros2_ws/install/webots_ros2_driver/local/lib/python3.10/dist-packages/webots_ros2_driver-2025.0.0-py3.10.egg-info/SOURCES.txt
[14.189s] -- Installing: /home/tedee/Webots-Simulation-with-Teleop-Key/ros2_ws/install/webots_ros2_driver/local/lib/python3.10/dist-packages/webots_ros2_driver-2025.0.0-py3.10.egg-info/top_level.txt
[14.189s] -- Installing: /home/tedee/Webots-Simulation-with-Teleop-Key/ros2_ws/install/webots_ros2_driver/local/lib/python3.10/dist-packages/webots_ros2_driver-2025.0.0-py3.10.egg-info/PKG-INFO
[14.189s] -- Installing: /home/tedee/Webots-Simulation-with-Teleop-Key/ros2_ws/install/webots_ros2_driver/local/lib/python3.10/dist-packages/webots_ros2_driver
[14.189s] -- Installing: /home/tedee/Webots-Simulation-with-Teleop-Key/ros2_ws/install/webots_ros2_driver/local/lib/python3.10/dist-packages/webots_ros2_driver/__init__.py
[14.189s] -- Installing: /home/tedee/Webots-Simulation-with-Teleop-Key/ros2_ws/install/webots_ros2_driver/local/lib/python3.10/dist-packages/webots_ros2_driver/wait_for_controller_connection.py
[14.189s] -- Installing: /home/tedee/Webots-Simulation-with-Teleop-Key/ros2_ws/install/webots_ros2_driver/local/lib/python3.10/dist-packages/webots_ros2_driver/webots_controller.py
[14.189s] -- Installing: /home/tedee/Webots-Simulation-with-Teleop-Key/ros2_ws/install/webots_ros2_driver/local/lib/python3.10/dist-packages/webots_ros2_driver/webots_launcher.py
[14.189s] -- Installing: /home/tedee/Webots-Simulation-with-Teleop-Key/ros2_ws/install/webots_ros2_driver/local/lib/python3.10/dist-packages/webots_ros2_driver/utils.py
[14.189s] -- Installing: /home/tedee/Webots-Simulation-with-Teleop-Key/ros2_ws/install/webots_ros2_driver/local/lib/python3.10/dist-packages/webots_ros2_driver/urdf_spawner.py
[14.189s] -- Installing: /home/tedee/Webots-Simulation-with-Teleop-Key/ros2_ws/install/webots_ros2_driver/local/lib/python3.10/dist-packages/webots_ros2_driver/ros2_supervisor.py
[14.221s] Listing '/home/tedee/Webots-Simulation-with-Teleop-Key/ros2_ws/install/webots_ros2_driver/local/lib/python3.10/dist-packages/webots_ros2_driver'...
[14.221s] Compiling '/home/tedee/Webots-Simulation-with-Teleop-Key/ros2_ws/install/webots_ros2_driver/local/lib/python3.10/dist-packages/webots_ros2_driver/__init__.py'...
[14.221s] Compiling '/home/tedee/Webots-Simulation-with-Teleop-Key/ros2_ws/install/webots_ros2_driver/local/lib/python3.10/dist-packages/webots_ros2_driver/ros2_supervisor.py'...
[14.221s] Compiling '/home/tedee/Webots-Simulation-with-Teleop-Key/ros2_ws/install/webots_ros2_driver/local/lib/python3.10/dist-packages/webots_ros2_driver/urdf_spawner.py'...
[14.221s] Compiling '/home/tedee/Webots-Simulation-with-Teleop-Key/ros2_ws/install/webots_ros2_driver/local/lib/python3.10/dist-packages/webots_ros2_driver/utils.py'...
[14.221s] Compiling '/home/tedee/Webots-Simulation-with-Teleop-Key/ros2_ws/install/webots_ros2_driver/local/lib/python3.10/dist-packages/webots_ros2_driver/wait_for_controller_connection.py'...
[14.221s] Compiling '/home/tedee/Webots-Simulation-with-Teleop-Key/ros2_ws/install/webots_ros2_driver/local/lib/python3.10/dist-packages/webots_ros2_driver/webots_controller.py'...
[14.221s] Compiling '/home/tedee/Webots-Simulation-with-Teleop-Key/ros2_ws/install/webots_ros2_driver/local/lib/python3.10/dist-packages/webots_ros2_driver/webots_launcher.py'...
[14.224s] -- Installing: /home/tedee/Webots-Simulation-with-Teleop-Key/ros2_ws/install/webots_ros2_driver/include
[14.224s] -- Installing: /home/tedee/Webots-Simulation-with-Teleop-Key/ros2_ws/install/webots_ros2_driver/include/webots_ros2_driver
[14.224s] -- Installing: /home/tedee/Webots-Simulation-with-Teleop-Key/ros2_ws/install/webots_ros2_driver/include/webots_ros2_driver/plugins
[14.224s] -- Installing: /home/tedee/Webots-Simulation-with-Teleop-Key/ros2_ws/install/webots_ros2_driver/include/webots_ros2_driver/plugins/Ros2SensorPlugin.hpp
[14.224s] -- Installing: /home/tedee/Webots-Simulation-with-Teleop-Key/ros2_ws/install/webots_ros2_driver/include/webots_ros2_driver/plugins/static
[14.224s] -- Installing: /home/tedee/Webots-Simulation-with-Teleop-Key/ros2_ws/install/webots_ros2_driver/include/webots_ros2_driver/plugins/static/Ros2Pen.hpp
[14.224s] -- Installing: /home/tedee/Webots-Simulation-with-Teleop-Key/ros2_ws/install/webots_ros2_driver/include/webots_ros2_driver/plugins/static/Ros2RangeFinder.hpp
[14.224s] -- Installing: /home/tedee/Webots-Simulation-with-Teleop-Key/ros2_ws/install/webots_ros2_driver/include/webots_ros2_driver/plugins/static/Ros2Lidar.hpp
[14.224s] -- Installing: /home/tedee/Webots-Simulation-with-Teleop-Key/ros2_ws/install/webots_ros2_driver/include/webots_ros2_driver/plugins/static/Ros2Camera.hpp
[14.224s] -- Installing: /home/tedee/Webots-Simulation-with-Teleop-Key/ros2_ws/install/webots_ros2_driver/include/webots_ros2_driver/plugins/static/Ros2LightSensor.hpp
[14.224s] -- Installing: /home/tedee/Webots-Simulation-with-Teleop-Key/ros2_ws/install/webots_ros2_driver/include/webots_ros2_driver/plugins/static/Ros2Compass.hpp
[14.224s] -- Installing: /home/tedee/Webots-Simulation-with-Teleop-Key/ros2_ws/install/webots_ros2_driver/include/webots_ros2_driver/plugins/static/Ros2GPS.hpp
[14.224s] -- Installing: /home/tedee/Webots-Simulation-with-Teleop-Key/ros2_ws/install/webots_ros2_driver/include/webots_ros2_driver/plugins/static/Ros2DistanceSensor.hpp
[14.224s] -- Installing: /home/tedee/Webots-Simulation-with-Teleop-Key/ros2_ws/install/webots_ros2_driver/include/webots_ros2_driver/plugins/static/Ros2Emitter.hpp
[14.224s] -- Installing: /home/tedee/Webots-Simulation-with-Teleop-Key/ros2_ws/install/webots_ros2_driver/include/webots_ros2_driver/plugins/static/Ros2LED.hpp
[14.224s] -- Installing: /home/tedee/Webots-Simulation-with-Teleop-Key/ros2_ws/install/webots_ros2_driver/include/webots_ros2_driver/plugins/static/Ros2Receiver.hpp
[14.224s] -- Installing: /home/tedee/Webots-Simulation-with-Teleop-Key/ros2_ws/install/webots_ros2_driver/include/webots_ros2_driver/plugins/static/Ros2VacuumGripper.hpp
[14.224s] -- Installing: /home/tedee/Webots-Simulation-with-Teleop-Key/ros2_ws/install/webots_ros2_driver/include/webots_ros2_driver/plugins/dynamic
[14.224s] -- Installing: /home/tedee/Webots-Simulation-with-Teleop-Key/ros2_ws/install/webots_ros2_driver/include/webots_ros2_driver/plugins/dynamic/Ros2IMU.hpp
[14.224s] -- Installing: /home/tedee/Webots-Simulation-with-Teleop-Key/ros2_ws/install/webots_ros2_driver/include/webots_ros2_driver/plugins/dynamic/Ros2RGBD.hpp
[14.224s] -- Installing: /home/tedee/Webots-Simulation-with-Teleop-Key/ros2_ws/install/webots_ros2_driver/include/webots_ros2_driver/PythonPlugin.hpp
[14.224s] -- Installing: /home/tedee/Webots-Simulation-with-Teleop-Key/ros2_ws/install/webots_ros2_driver/include/webots_ros2_driver/utils
[14.224s] -- Installing: /home/tedee/Webots-Simulation-with-Teleop-Key/ros2_ws/install/webots_ros2_driver/include/webots_ros2_driver/utils/Utils.hpp
[14.225s] -- Installing: /home/tedee/Webots-Simulation-with-Teleop-Key/ros2_ws/install/webots_ros2_driver/include/webots_ros2_driver/utils/Math.hpp
[14.225s] -- Installing: /home/tedee/Webots-Simulation-with-Teleop-Key/ros2_ws/install/webots_ros2_driver/include/webots_ros2_driver/PluginInterface.hpp
[14.225s] -- Installing: /home/tedee/Webots-Simulation-with-Teleop-Key/ros2_ws/install/webots_ros2_driver/include/webots_ros2_driver/WebotsNode.hpp
[14.225s] -- Installing: /home/tedee/Webots-Simulation-with-Teleop-Key/ros2_ws/install/webots_ros2_driver/lib/webots_ros2_driver/driver
[14.230s] -- Installing: /home/tedee/Webots-Simulation-with-Teleop-Key/ros2_ws/install/webots_ros2_driver/lib/libwebots_ros2_driver_imu.so
[14.231s] -- Installing: /home/tedee/Webots-Simulation-with-Teleop-Key/ros2_ws/install/webots_ros2_driver/lib/libwebots_ros2_driver_rgbd.so
[14.232s] -- Installing: /home/tedee/Webots-Simulation-with-Teleop-Key/ros2_ws/install/webots_ros2_driver/include/webots/c
[14.232s] -- Installing: /home/tedee/Webots-Simulation-with-Teleop-Key/ros2_ws/install/webots_ros2_driver/include/webots/c/webots
[14.232s] -- Installing: /home/tedee/Webots-Simulation-with-Teleop-Key/ros2_ws/install/webots_ros2_driver/include/webots/c/webots/plugins
[14.232s] -- Installing: /home/tedee/Webots-Simulation-with-Teleop-Key/ros2_ws/install/webots_ros2_driver/include/webots/c/webots/plugins/robot_window
[14.232s] -- Installing: /home/tedee/Webots-Simulation-with-Teleop-Key/ros2_ws/install/webots_ros2_driver/include/webots/c/webots/plugins/robot_window/robot_window.h
[14.232s] -- Installing: /home/tedee/Webots-Simulation-with-Teleop-Key/ros2_ws/install/webots_ros2_driver/include/webots/c/webots/plugins/robot_window/generic_robot_window
[14.232s] -- Installing: /home/tedee/Webots-Simulation-with-Teleop-Key/ros2_ws/install/webots_ros2_driver/include/webots/c/webots/plugins/robot_window/generic_robot_window/generic.h
[14.232s] -- Installing: /home/tedee/Webots-Simulation-with-Teleop-Key/ros2_ws/install/webots_ros2_driver/include/webots/c/webots/plugins/robot_window/robot_wwi.h
[14.232s] -- Installing: /home/tedee/Webots-Simulation-with-Teleop-Key/ros2_ws/install/webots_ros2_driver/include/webots/c/webots/plugins/robot_window/default.h
[14.232s] -- Installing: /home/tedee/Webots-Simulation-with-Teleop-Key/ros2_ws/install/webots_ros2_driver/include/webots/c/webots/touch_sensor.h
[14.232s] -- Installing: /home/tedee/Webots-Simulation-with-Teleop-Key/ros2_ws/install/webots_ros2_driver/include/webots/c/webots/radar_target.h
[14.233s] -- Installing: /home/tedee/Webots-Simulation-with-Teleop-Key/ros2_ws/install/webots_ros2_driver/include/webots/c/webots/receiver.h
[14.233s] -- Installing: /home/tedee/Webots-Simulation-with-Teleop-Key/ros2_ws/install/webots_ros2_driver/include/webots/c/webots/vacuum_gripper.h
[14.233s] -- Installing: /home/tedee/Webots-Simulation-with-Teleop-Key/ros2_ws/install/webots_ros2_driver/include/webots/c/webots/keyboard.h
[14.233s] -- Installing: /home/tedee/Webots-Simulation-with-Teleop-Key/ros2_ws/install/webots_ros2_driver/include/webots/c/webots/robot.h
[14.233s] -- Installing: /home/tedee/Webots-Simulation-with-Teleop-Key/ros2_ws/install/webots_ros2_driver/include/webots/c/webots/utils
[14.233s] -- Installing: /home/tedee/Webots-Simulation-with-Teleop-Key/ros2_ws/install/webots_ros2_driver/include/webots/c/webots/utils/motion.h
[14.233s] -- Installing: /home/tedee/Webots-Simulation-with-Teleop-Key/ros2_ws/install/webots_ros2_driver/include/webots/c/webots/utils/ansi_codes.h
[14.233s] -- Installing: /home/tedee/Webots-Simulation-with-Teleop-Key/ros2_ws/install/webots_ros2_driver/include/webots/c/webots/utils/string.h
[14.233s] -- Installing: /home/tedee/Webots-Simulation-with-Teleop-Key/ros2_ws/install/webots_ros2_driver/include/webots/c/webots/utils/system.h
[14.233s] -- Installing: /home/tedee/Webots-Simulation-with-Teleop-Key/ros2_ws/install/webots_ros2_driver/include/webots/c/webots/skin.h
[14.233s] -- Installing: /home/tedee/Webots-Simulation-with-Teleop-Key/ros2_ws/install/webots_ros2_driver/include/webots/c/webots/gyro.h
[14.233s] -- Installing: /home/tedee/Webots-Simulation-with-Teleop-Key/ros2_ws/install/webots_ros2_driver/include/webots/c/webots/brake.h
[14.233s] -- Installing: /home/tedee/Webots-Simulation-with-Teleop-Key/ros2_ws/install/webots_ros2_driver/include/webots/c/webots/distance_sensor.h
[14.233s] -- Installing: /home/tedee/Webots-Simulation-with-Teleop-Key/ros2_ws/install/webots_ros2_driver/include/webots/c/webots/remote_control.h
[14.233s] -- Installing: /home/tedee/Webots-Simulation-with-Teleop-Key/ros2_ws/install/webots_ros2_driver/include/webots/c/webots/inertial_unit.h
[14.233s] -- Installing: /home/tedee/Webots-Simulation-with-Teleop-Key/ros2_ws/install/webots_ros2_driver/include/webots/c/webots/emitter.h
[14.233s] -- Installing: /home/tedee/Webots-Simulation-with-Teleop-Key/ros2_ws/install/webots_ros2_driver/include/webots/c/webots/joystick.h
[14.233s] -- Installing: /home/tedee/Webots-Simulation-with-Teleop-Key/ros2_ws/install/webots_ros2_driver/include/webots/c/webots/contact_point.h
[14.233s] -- Installing: /home/tedee/Webots-Simulation-with-Teleop-Key/ros2_ws/install/webots_ros2_driver/include/webots/c/webots/speaker.h
[14.233s] -- Installing: /home/tedee/Webots-Simulation-with-Teleop-Key/ros2_ws/install/webots_ros2_driver/include/webots/c/webots/microphone.h
[14.233s] -- Installing: /home/tedee/Webots-Simulation-with-Teleop-Key/ros2_ws/install/webots_ros2_driver/include/webots/c/webots/mouse_state.h
[14.233s] -- Installing: /home/tedee/Webots-Simulation-with-Teleop-Key/ros2_ws/install/webots_ros2_driver/include/webots/c/webots/compass.h
[14.233s] -- Installing: /home/tedee/Webots-Simulation-with-Teleop-Key/ros2_ws/install/webots_ros2_driver/include/webots/c/webots/supervisor.h
[14.233s] -- Installing: /home/tedee/Webots-Simulation-with-Teleop-Key/ros2_ws/install/webots_ros2_driver/include/webots/c/webots/display.h
[14.233s] -- Installing: /home/tedee/Webots-Simulation-with-Teleop-Key/ros2_ws/install/webots_ros2_driver/include/webots/c/webots/console.h
[14.233s] -- Installing: /home/tedee/Webots-Simulation-with-Teleop-Key/ros2_ws/install/webots_ros2_driver/include/webots/c/webots/camera.h
[14.233s] -- Installing: /home/tedee/Webots-Simulation-with-Teleop-Key/ros2_ws/install/webots_ros2_driver/include/webots/c/webots/lidar.h
[14.233s] -- Installing: /home/tedee/Webots-Simulation-with-Teleop-Key/ros2_ws/install/webots_ros2_driver/include/webots/c/webots/light_sensor.h
[14.233s] -- Installing: /home/tedee/Webots-Simulation-with-Teleop-Key/ros2_ws/install/webots_ros2_driver/include/webots/c/webots/device.h
[14.233s] -- Installing: /home/tedee/Webots-Simulation-with-Teleop-Key/ros2_ws/install/webots_ros2_driver/include/webots/c/webots/range_finder.h
[14.233s] -- Installing: /home/tedee/Webots-Simulation-with-Teleop-Key/ros2_ws/install/webots_ros2_driver/include/webots/c/webots/types.h
[14.233s] -- Installing: /home/tedee/Webots-Simulation-with-Teleop-Key/ros2_ws/install/webots_ros2_driver/include/webots/c/webots/position_sensor.h
[14.233s] -- Installing: /home/tedee/Webots-Simulation-with-Teleop-Key/ros2_ws/install/webots_ros2_driver/include/webots/c/webots/led.h
[14.233s] -- Installing: /home/tedee/Webots-Simulation-with-Teleop-Key/ros2_ws/install/webots_ros2_driver/include/webots/c/webots/connector.h
[14.233s] -- Installing: /home/tedee/Webots-Simulation-with-Teleop-Key/ros2_ws/install/webots_ros2_driver/include/webots/c/webots/pen.h
[14.233s] -- Installing: /home/tedee/Webots-Simulation-with-Teleop-Key/ros2_ws/install/webots_ros2_driver/include/webots/c/webots/radio.h
[14.233s] -- Installing: /home/tedee/Webots-Simulation-with-Teleop-Key/ros2_ws/install/webots_ros2_driver/include/webots/c/webots/altimeter.h
[14.233s] -- Installing: /home/tedee/Webots-Simulation-with-Teleop-Key/ros2_ws/install/webots_ros2_driver/include/webots/c/webots/radar.h
[14.234s] -- Installing: /home/tedee/Webots-Simulation-with-Teleop-Key/ros2_ws/install/webots_ros2_driver/include/webots/c/webots/camera_recognition_object.h
[14.234s] -- Installing: /home/tedee/Webots-Simulation-with-Teleop-Key/ros2_ws/install/webots_ros2_driver/include/webots/c/webots/mouse.h
[14.234s] -- Installing: /home/tedee/Webots-Simulation-with-Teleop-Key/ros2_ws/install/webots_ros2_driver/include/webots/c/webots/nodes.h
[14.234s] -- Installing: /home/tedee/Webots-Simulation-with-Teleop-Key/ros2_ws/install/webots_ros2_driver/include/webots/c/webots/gps.h
[14.234s] -- Installing: /home/tedee/Webots-Simulation-with-Teleop-Key/ros2_ws/install/webots_ros2_driver/include/webots/c/webots/motor.h
[14.234s] -- Installing: /home/tedee/Webots-Simulation-with-Teleop-Key/ros2_ws/install/webots_ros2_driver/include/webots/c/webots/vehicle
[14.234s] -- Installing: /home/tedee/Webots-Simulation-with-Teleop-Key/ros2_ws/install/webots_ros2_driver/include/webots/c/webots/vehicle/car.h
[14.234s] -- Installing: /home/tedee/Webots-Simulation-with-Teleop-Key/ros2_ws/install/webots_ros2_driver/include/webots/c/webots/vehicle/driver.h
[14.234s] -- Installing: /home/tedee/Webots-Simulation-with-Teleop-Key/ros2_ws/install/webots_ros2_driver/include/webots/c/webots/lidar_point.h
[14.234s] -- Installing: /home/tedee/Webots-Simulation-with-Teleop-Key/ros2_ws/install/webots_ros2_driver/include/webots/c/webots/accelerometer.h
[14.234s] -- Installing: /home/tedee/Webots-Simulation-with-Teleop-Key/ros2_ws/install/webots_ros2_driver/include/webots/cpp
[14.234s] -- Installing: /home/tedee/Webots-Simulation-with-Teleop-Key/ros2_ws/install/webots_ros2_driver/include/webots/cpp/webots
[14.234s] -- Installing: /home/tedee/Webots-Simulation-with-Teleop-Key/ros2_ws/install/webots_ros2_driver/include/webots/cpp/webots/Radar.hpp
[14.234s] -- Installing: /home/tedee/Webots-Simulation-with-Teleop-Key/ros2_ws/install/webots_ros2_driver/include/webots/cpp/webots/PositionSensor.hpp
[14.234s] -- Installing: /home/tedee/Webots-Simulation-with-Teleop-Key/ros2_ws/install/webots_ros2_driver/include/webots/cpp/webots/Keyboard.hpp
[14.234s] -- Installing: /home/tedee/Webots-Simulation-with-Teleop-Key/ros2_ws/install/webots_ros2_driver/include/webots/cpp/webots/Skin.hpp
[14.234s] -- Installing: /home/tedee/Webots-Simulation-with-Teleop-Key/ros2_ws/install/webots_ros2_driver/include/webots/cpp/webots/Camera.hpp
[14.234s] -- Installing: /home/tedee/Webots-Simulation-with-Teleop-Key/ros2_ws/install/webots_ros2_driver/include/webots/cpp/webots/GPS.hpp
[14.234s] -- Installing: /home/tedee/Webots-Simulation-with-Teleop-Key/ros2_ws/install/webots_ros2_driver/include/webots/cpp/webots/LED.hpp
[14.234s] -- Installing: /home/tedee/Webots-Simulation-with-Teleop-Key/ros2_ws/install/webots_ros2_driver/include/webots/cpp/webots/RangeFinder.hpp
[14.234s] -- Installing: /home/tedee/Webots-Simulation-with-Teleop-Key/ros2_ws/install/webots_ros2_driver/include/webots/cpp/webots/Emitter.hpp
[14.234s] -- Installing: /home/tedee/Webots-Simulation-with-Teleop-Key/ros2_ws/install/webots_ros2_driver/include/webots/cpp/webots/utils
[14.234s] -- Installing: /home/tedee/Webots-Simulation-with-Teleop-Key/ros2_ws/install/webots_ros2_driver/include/webots/cpp/webots/utils/AnsiCodes.hpp
[14.234s] -- Installing: /home/tedee/Webots-Simulation-with-Teleop-Key/ros2_ws/install/webots_ros2_driver/include/webots/cpp/webots/utils/Motion.hpp
[14.234s] -- Installing: /home/tedee/Webots-Simulation-with-Teleop-Key/ros2_ws/install/webots_ros2_driver/include/webots/cpp/webots/Speaker.hpp
[14.234s] -- Installing: /home/tedee/Webots-Simulation-with-Teleop-Key/ros2_ws/install/webots_ros2_driver/include/webots/cpp/webots/Gyro.hpp
[14.234s] -- Installing: /home/tedee/Webots-Simulation-with-Teleop-Key/ros2_ws/install/webots_ros2_driver/include/webots/cpp/webots/DistanceSensor.hpp
[14.234s] -- Installing: /home/tedee/Webots-Simulation-with-Teleop-Key/ros2_ws/install/webots_ros2_driver/include/webots/cpp/webots/Joystick.hpp
[14.234s] -- Installing: /home/tedee/Webots-Simulation-with-Teleop-Key/ros2_ws/install/webots_ros2_driver/include/webots/cpp/webots/Altimeter.hpp
[14.234s] -- Installing: /home/tedee/Webots-Simulation-with-Teleop-Key/ros2_ws/install/webots_ros2_driver/include/webots/cpp/webots/Field.hpp
[14.234s] -- Installing: /home/tedee/Webots-Simulation-with-Teleop-Key/ros2_ws/install/webots_ros2_driver/include/webots/cpp/webots/VacuumGripper.hpp
[14.234s] -- Installing: /home/tedee/Webots-Simulation-with-Teleop-Key/ros2_ws/install/webots_ros2_driver/include/webots/cpp/webots/Pen.hpp
[14.234s] -- Installing: /home/tedee/Webots-Simulation-with-Teleop-Key/ros2_ws/install/webots_ros2_driver/include/webots/cpp/webots/Display.hpp
[14.234s] -- Installing: /home/tedee/Webots-Simulation-with-Teleop-Key/ros2_ws/install/webots_ros2_driver/include/webots/cpp/webots/Motor.hpp
[14.234s] -- Installing: /home/tedee/Webots-Simulation-with-Teleop-Key/ros2_ws/install/webots_ros2_driver/include/webots/cpp/webots/Node.hpp
[14.234s] -- Installing: /home/tedee/Webots-Simulation-with-Teleop-Key/ros2_ws/install/webots_ros2_driver/include/webots/cpp/webots/Supervisor.hpp
[14.235s] -- Installing: /home/tedee/Webots-Simulation-with-Teleop-Key/ros2_ws/install/webots_ros2_driver/include/webots/cpp/webots/Compass.hpp
[14.235s] -- Installing: /home/tedee/Webots-Simulation-with-Teleop-Key/ros2_ws/install/webots_ros2_driver/include/webots/cpp/webots/InertialUnit.hpp
[14.235s] -- Installing: /home/tedee/Webots-Simulation-with-Teleop-Key/ros2_ws/install/webots_ros2_driver/include/webots/cpp/webots/Proto.hpp
[14.235s] -- Installing: /home/tedee/Webots-Simulation-with-Teleop-Key/ros2_ws/install/webots_ros2_driver/include/webots/cpp/webots/Mouse.hpp
[14.235s] -- Installing: /home/tedee/Webots-Simulation-with-Teleop-Key/ros2_ws/install/webots_ros2_driver/include/webots/cpp/webots/Accelerometer.hpp
[14.235s] -- Installing: /home/tedee/Webots-Simulation-with-Teleop-Key/ros2_ws/install/webots_ros2_driver/include/webots/cpp/webots/TouchSensor.hpp
[14.235s] -- Installing: /home/tedee/Webots-Simulation-with-Teleop-Key/ros2_ws/install/webots_ros2_driver/include/webots/cpp/webots/Brake.hpp
[14.235s] -- Installing: /home/tedee/Webots-Simulation-with-Teleop-Key/ros2_ws/install/webots_ros2_driver/include/webots/cpp/webots/Receiver.hpp
[14.235s] -- Installing: /home/tedee/Webots-Simulation-with-Teleop-Key/ros2_ws/install/webots_ros2_driver/include/webots/cpp/webots/Robot.hpp
[14.235s] -- Installing: /home/tedee/Webots-Simulation-with-Teleop-Key/ros2_ws/install/webots_ros2_driver/include/webots/cpp/webots/Device.hpp
[14.235s] -- Installing: /home/tedee/Webots-Simulation-with-Teleop-Key/ros2_ws/install/webots_ros2_driver/include/webots/cpp/webots/LightSensor.hpp
[14.235s] -- Installing: /home/tedee/Webots-Simulation-with-Teleop-Key/ros2_ws/install/webots_ros2_driver/include/webots/cpp/webots/vehicle
[14.235s] -- Installing: /home/tedee/Webots-Simulation-with-Teleop-Key/ros2_ws/install/webots_ros2_driver/include/webots/cpp/webots/vehicle/Driver.hpp
[14.235s] -- Installing: /home/tedee/Webots-Simulation-with-Teleop-Key/ros2_ws/install/webots_ros2_driver/include/webots/cpp/webots/vehicle/Car.hpp
[14.235s] -- Installing: /home/tedee/Webots-Simulation-with-Teleop-Key/ros2_ws/install/webots_ros2_driver/include/webots/cpp/webots/ImageRef.hpp
[14.235s] -- Installing: /home/tedee/Webots-Simulation-with-Teleop-Key/ros2_ws/install/webots_ros2_driver/include/webots/cpp/webots/Lidar.hpp
[14.235s] -- Installing: /home/tedee/Webots-Simulation-with-Teleop-Key/ros2_ws/install/webots_ros2_driver/include/webots/cpp/webots/Connector.hpp
[14.235s] -- Installing: /home/tedee/Webots-Simulation-with-Teleop-Key/ros2_ws/install/webots_ros2_driver/lib/controller
[14.235s] -- Installing: /home/tedee/Webots-Simulation-with-Teleop-Key/ros2_ws/install/webots_ros2_driver/lib/controller/libCppDriver.so
[14.235s] -- Installing: /home/tedee/Webots-Simulation-with-Teleop-Key/ros2_ws/install/webots_ros2_driver/lib/controller/libController.so
[14.235s] -- Installing: /home/tedee/Webots-Simulation-with-Teleop-Key/ros2_ws/install/webots_ros2_driver/lib/controller/libdriver.so
[14.235s] -- Installing: /home/tedee/Webots-Simulation-with-Teleop-Key/ros2_ws/install/webots_ros2_driver/lib/controller/libCppController.so
[14.236s] -- Installing: /home/tedee/Webots-Simulation-with-Teleop-Key/ros2_ws/install/webots_ros2_driver/lib/controller/libcar.so
[14.236s] -- Installing: /home/tedee/Webots-Simulation-with-Teleop-Key/ros2_ws/install/webots_ros2_driver/lib/controller/libCppCar.so
[14.236s] -- Installing: /home/tedee/Webots-Simulation-with-Teleop-Key/ros2_ws/install/webots_ros2_driver/lib/controller/.gitignore
[14.236s] -- Installing: /home/tedee/Webots-Simulation-with-Teleop-Key/ros2_ws/install/webots_ros2_driver/lib/controller/libgeneric_robot_window.so
[14.236s] -- Installing: /home/tedee/Webots-Simulation-with-Teleop-Key/ros2_ws/install/webots_ros2_driver/share/webots_ros2_driver/webots_ros2_imu.xml
[14.236s] -- Installing: /home/tedee/Webots-Simulation-with-Teleop-Key/ros2_ws/install/webots_ros2_driver/share/webots_ros2_driver/webots_ros2_rgbd.xml
[14.236s] -- Installing: /home/tedee/Webots-Simulation-with-Teleop-Key/ros2_ws/install/webots_ros2_driver/lib/webots_ros2_driver/ros2_supervisor.py
[14.236s] -- Installing: /home/tedee/Webots-Simulation-with-Teleop-Key/ros2_ws/install/webots_ros2_driver/share/webots_ros2_driver/scripts
[14.236s] -- Installing: /home/tedee/Webots-Simulation-with-Teleop-Key/ros2_ws/install/webots_ros2_driver/share/webots_ros2_driver/scripts/webots_tcp_client.py
[14.236s] -- Installing: /home/tedee/Webots-Simulation-with-Teleop-Key/ros2_ws/install/webots_ros2_driver/share/webots_ros2_driver/scripts/webots-controller
[14.236s] -- Installing: /home/tedee/Webots-Simulation-with-Teleop-Key/ros2_ws/install/webots_ros2_driver/share/webots_ros2_driver/environment/library_path.sh
[14.236s] -- Installing: /home/tedee/Webots-Simulation-with-Teleop-Key/ros2_ws/install/webots_ros2_driver/share/webots_ros2_driver/environment/library_path.dsv
[14.236s] -- Installing: /home/tedee/Webots-Simulation-with-Teleop-Key/ros2_ws/install/webots_ros2_driver/share/ament_index/resource_index/package_run_dependencies/webots_ros2_driver
[14.236s] -- Installing: /home/tedee/Webots-Simulation-with-Teleop-Key/ros2_ws/install/webots_ros2_driver/share/ament_index/resource_index/parent_prefix_path/webots_ros2_driver
[14.236s] -- Installing: /home/tedee/Webots-Simulation-with-Teleop-Key/ros2_ws/install/webots_ros2_driver/share/webots_ros2_driver/environment/ament_prefix_path.sh
[14.236s] -- Installing: /home/tedee/Webots-Simulation-with-Teleop-Key/ros2_ws/install/webots_ros2_driver/share/webots_ros2_driver/environment/ament_prefix_path.dsv
[14.236s] -- Installing: /home/tedee/Webots-Simulation-with-Teleop-Key/ros2_ws/install/webots_ros2_driver/share/webots_ros2_driver/environment/path.sh
[14.236s] -- Installing: /home/tedee/Webots-Simulation-with-Teleop-Key/ros2_ws/install/webots_ros2_driver/share/webots_ros2_driver/environment/path.dsv
[14.236s] -- Installing: /home/tedee/Webots-Simulation-with-Teleop-Key/ros2_ws/install/webots_ros2_driver/share/webots_ros2_driver/local_setup.bash
[14.236s] -- Installing: /home/tedee/Webots-Simulation-with-Teleop-Key/ros2_ws/install/webots_ros2_driver/share/webots_ros2_driver/local_setup.sh
[14.237s] -- Installing: /home/tedee/Webots-Simulation-with-Teleop-Key/ros2_ws/install/webots_ros2_driver/share/webots_ros2_driver/local_setup.zsh
[14.237s] -- Installing: /home/tedee/Webots-Simulation-with-Teleop-Key/ros2_ws/install/webots_ros2_driver/share/webots_ros2_driver/local_setup.dsv
[14.237s] -- Installing: /home/tedee/Webots-Simulation-with-Teleop-Key/ros2_ws/install/webots_ros2_driver/share/webots_ros2_driver/package.dsv
[14.237s] -- Installing: /home/tedee/Webots-Simulation-with-Teleop-Key/ros2_ws/install/webots_ros2_driver/share/ament_index/resource_index/packages/webots_ros2_driver
[14.237s] -- Installing: /home/tedee/Webots-Simulation-with-Teleop-Key/ros2_ws/install/webots_ros2_driver/share/ament_index/resource_index/webots_ros2_driver__pluginlib__plugin/webots_ros2_driver
[14.237s] -- Installing: /home/tedee/Webots-Simulation-with-Teleop-Key/ros2_ws/install/webots_ros2_driver/share/webots_ros2_driver/cmake/ament_cmake_export_include_directories-extras.cmake
[14.237s] -- Installing: /home/tedee/Webots-Simulation-with-Teleop-Key/ros2_ws/install/webots_ros2_driver/share/webots_ros2_driver/cmake/ament_cmake_export_dependencies-extras.cmake
[14.237s] -- Installing: /home/tedee/Webots-Simulation-with-Teleop-Key/ros2_ws/install/webots_ros2_driver/share/webots_ros2_driver/cmake/ament_cmake_export_libraries-extras.cmake
[14.237s] -- Installing: /home/tedee/Webots-Simulation-with-Teleop-Key/ros2_ws/install/webots_ros2_driver/share/webots_ros2_driver/cmake/webots_ros2_driverConfig.cmake
[14.237s] -- Installing: /home/tedee/Webots-Simulation-with-Teleop-Key/ros2_ws/install/webots_ros2_driver/share/webots_ros2_driver/cmake/webots_ros2_driverConfig-version.cmake
[14.237s] -- Installing: /home/tedee/Webots-Simulation-with-Teleop-Key/ros2_ws/install/webots_ros2_driver/share/webots_ros2_driver/package.xml
[14.239s] Invoked command in '/home/tedee/Webots-Simulation-with-Teleop-Key/ros2_ws/build/webots_ros2_driver' returned '0': AMENT_PREFIX_PATH=/home/tedee/Webots-Simulation-with-Teleop-Key/ros2_ws/install/webots_ros2_msgs:/home/tedee/Webots-Simulation-with-Teleop-Key/ros2_ws/install/webots_ros2_importer:${AMENT_PREFIX_PATH} CMAKE_PREFIX_PATH=/home/tedee/Webots-Simulation-with-Teleop-Key/ros2_ws/install/webots_ros2_msgs:/home/tedee/ros2_ws/install/webots_ros2:/home/tedee/ros2_ws/install/webots_ros2_universal_robot:/home/tedee/ros2_ws/install/webots_ros2_turtlebot:/home/tedee/ros2_ws/install/webots_ros2_tiago:/home/tedee/ros2_ws/install/webots_ros2_tests:/home/tedee/ros2_ws/install/webots_ros2_tesla:/home/tedee/ros2_ws/install/webots_ros2_mavic:/home/tedee/ros2_ws/install/webots_ros2_husarion:/home/tedee/ros2_ws/install/webots_ros2_epuck:/home/tedee/ros2_ws/install/webots_ros2_crazyflie:/home/tedee/ros2_ws/install/webots_ros2_control:/home/tedee/ros2_ws/install/my_robot_controller:/home/tedee/ros2_ws/install/webots_ros2_driver:/home/tedee/ros2_ws/install/webots_ros2_msgs:/home/tedee/ros2_ws/install/webots_ros2_importer:/home/tedee/ros2_ws/install/webots_robot:/home/tedee/ros2_ws/install/webots_extern:/home/tedee/ros2_ws/install/dijkstra_planner:/home/tedee/ros2_ws/install/aruco:/opt/ros/humble LD_LIBRARY_PATH=/home/tedee/Webots-Simulation-with-Teleop-Key/ros2_ws/install/webots_ros2_msgs/lib:${LD_LIBRARY_PATH} PYTHONPATH=/home/tedee/Webots-Simulation-with-Teleop-Key/ros2_ws/install/webots_ros2_msgs/local/lib/python3.10/dist-packages:/home/tedee/Webots-Simulation-with-Teleop-Key/ros2_ws/install/webots_ros2_importer/lib/python3.10/site-packages:${PYTHONPATH} /usr/bin/cmake --install /home/tedee/Webots-Simulation-with-Teleop-Key/ros2_ws/build/webots_ros2_driver
