[0.838s] Invoking command in '/home/tedee/Webots-Simulation-with-Teleop-Key/ros2_ws/src/webots_ros2/webots_ros2_tesla': AMENT_PREFIX_PATH=/home/tedee/Webots-Simulation-with-Teleop-Key/ros2_ws/install/webots_ros2_driver:/home/tedee/Webots-Simulation-with-Teleop-Key/ros2_ws/install/webots_ros2_msgs:/home/tedee/Webots-Simulation-with-Teleop-Key/ros2_ws/install/webots_ros2_importer:${AMENT_PREFIX_PATH} CMAKE_PREFIX_PATH=/home/tedee/Webots-Simulation-with-Teleop-Key/ros2_ws/install/webots_ros2_driver:/home/tedee/Webots-Simulation-with-Teleop-Key/ros2_ws/install/webots_ros2_msgs LD_LIBRARY_PATH=/home/tedee/Webots-Simulation-with-Teleop-Key/ros2_ws/install/webots_ros2_driver/lib:/home/tedee/Webots-Simulation-with-Teleop-Key/ros2_ws/install/webots_ros2_msgs/lib:${LD_LIBRARY_PATH} PYTHONPATH=/home/tedee/Webots-Simulation-with-Teleop-Key/ros2_ws/build/webots_ros2_tesla/prefix_override:/usr/lib/python3/dist-packages/colcon_core/task/python/colcon_distutils_commands:/home/tedee/Webots-Simulation-with-Teleop-Key/ros2_ws/install/webots_ros2_tesla/lib/python3.10/site-packages:/home/tedee/Webots-Simulation-with-Teleop-Key/ros2_ws/install/webots_ros2_driver/local/lib/python3.10/dist-packages:/home/tedee/Webots-Simulation-with-Teleop-Key/ros2_ws/install/webots_ros2_msgs/local/lib/python3.10/dist-packages:/home/tedee/Webots-Simulation-with-Teleop-Key/ros2_ws/install/webots_ros2_importer/lib/python3.10/site-packages:${PYTHONPATH} /usr/bin/python3 -W ignore:setup.py install is deprecated -W ignore:easy_install command is deprecated setup.py egg_info --egg-base ../../../build/webots_ros2_tesla build --build-base /home/tedee/Webots-Simulation-with-Teleop-Key/ros2_ws/build/webots_ros2_tesla/build install --record /home/tedee/Webots-Simulation-with-Teleop-Key/ros2_ws/build/webots_ros2_tesla/install.log --single-version-externally-managed install_data
[1.013s] running egg_info
[1.013s] creating ../../../build/webots_ros2_tesla/webots_ros2_tesla.egg-info
[1.013s] writing ../../../build/webots_ros2_tesla/webots_ros2_tesla.egg-info/PKG-INFO
[1.013s] writing dependency_links to ../../../build/webots_ros2_tesla/webots_ros2_tesla.egg-info/dependency_links.txt
[1.013s] writing entry points to ../../../build/webots_ros2_tesla/webots_ros2_tesla.egg-info/entry_points.txt
[1.014s] writing requirements to ../../../build/webots_ros2_tesla/webots_ros2_tesla.egg-info/requires.txt
[1.014s] writing top-level names to ../../../build/webots_ros2_tesla/webots_ros2_tesla.egg-info/top_level.txt
[1.014s] writing manifest file '../../../build/webots_ros2_tesla/webots_ros2_tesla.egg-info/SOURCES.txt'
[1.015s] reading manifest file '../../../build/webots_ros2_tesla/webots_ros2_tesla.egg-info/SOURCES.txt'
[1.016s] writing manifest file '../../../build/webots_ros2_tesla/webots_ros2_tesla.egg-info/SOURCES.txt'
[1.016s] running build
[1.016s] running build_py
[1.016s] creating /home/tedee/Webots-Simulation-with-Teleop-Key/ros2_ws/build/webots_ros2_tesla/build
[1.016s] creating /home/tedee/Webots-Simulation-with-Teleop-Key/ros2_ws/build/webots_ros2_tesla/build/lib
[1.016s] creating /home/tedee/Webots-Simulation-with-Teleop-Key/ros2_ws/build/webots_ros2_tesla/build/lib/webots_ros2_tesla
[1.016s] copying webots_ros2_tesla/lane_follower.py -> /home/tedee/Webots-Simulation-with-Teleop-Key/ros2_ws/build/webots_ros2_tesla/build/lib/webots_ros2_tesla
[1.016s] copying webots_ros2_tesla/tesla_driver.py -> /home/tedee/Webots-Simulation-with-Teleop-Key/ros2_ws/build/webots_ros2_tesla/build/lib/webots_ros2_tesla
[1.016s] copying webots_ros2_tesla/__init__.py -> /home/tedee/Webots-Simulation-with-Teleop-Key/ros2_ws/build/webots_ros2_tesla/build/lib/webots_ros2_tesla
[1.016s] running install
[1.016s] running install_lib
[1.017s] creating /home/tedee/Webots-Simulation-with-Teleop-Key/ros2_ws/install/webots_ros2_tesla/lib/python3.10/site-packages/webots_ros2_tesla
[1.017s] copying /home/tedee/Webots-Simulation-with-Teleop-Key/ros2_ws/build/webots_ros2_tesla/build/lib/webots_ros2_tesla/lane_follower.py -> /home/tedee/Webots-Simulation-with-Teleop-Key/ros2_ws/install/webots_ros2_tesla/lib/python3.10/site-packages/webots_ros2_tesla
[1.017s] copying /home/tedee/Webots-Simulation-with-Teleop-Key/ros2_ws/build/webots_ros2_tesla/build/lib/webots_ros2_tesla/tesla_driver.py -> /home/tedee/Webots-Simulation-with-Teleop-Key/ros2_ws/install/webots_ros2_tesla/lib/python3.10/site-packages/webots_ros2_tesla
[1.017s] copying /home/tedee/Webots-Simulation-with-Teleop-Key/ros2_ws/build/webots_ros2_tesla/build/lib/webots_ros2_tesla/__init__.py -> /home/tedee/Webots-Simulation-with-Teleop-Key/ros2_ws/install/webots_ros2_tesla/lib/python3.10/site-packages/webots_ros2_tesla
[1.018s] byte-compiling /home/tedee/Webots-Simulation-with-Teleop-Key/ros2_ws/install/webots_ros2_tesla/lib/python3.10/site-packages/webots_ros2_tesla/lane_follower.py to lane_follower.cpython-310.pyc
[1.018s] byte-compiling /home/tedee/Webots-Simulation-with-Teleop-Key/ros2_ws/install/webots_ros2_tesla/lib/python3.10/site-packages/webots_ros2_tesla/tesla_driver.py to tesla_driver.cpython-310.pyc
[1.018s] byte-compiling /home/tedee/Webots-Simulation-with-Teleop-Key/ros2_ws/install/webots_ros2_tesla/lib/python3.10/site-packages/webots_ros2_tesla/__init__.py to __init__.cpython-310.pyc
[1.018s] running install_data
[1.018s] creating /home/tedee/Webots-Simulation-with-Teleop-Key/ros2_ws/install/webots_ros2_tesla/share/ament_index
[1.018s] creating /home/tedee/Webots-Simulation-with-Teleop-Key/ros2_ws/install/webots_ros2_tesla/share/ament_index/resource_index
[1.018s] creating /home/tedee/Webots-Simulation-with-Teleop-Key/ros2_ws/install/webots_ros2_tesla/share/ament_index/resource_index/packages
[1.018s] copying resource/webots_ros2_tesla -> /home/tedee/Webots-Simulation-with-Teleop-Key/ros2_ws/install/webots_ros2_tesla/share/ament_index/resource_index/packages
[1.018s] creating /home/tedee/Webots-Simulation-with-Teleop-Key/ros2_ws/install/webots_ros2_tesla/share/webots_ros2_tesla/launch
[1.019s] copying launch/robot_launch.py -> /home/tedee/Webots-Simulation-with-Teleop-Key/ros2_ws/install/webots_ros2_tesla/share/webots_ros2_tesla/launch
[1.019s] creating /home/tedee/Webots-Simulation-with-Teleop-Key/ros2_ws/install/webots_ros2_tesla/share/webots_ros2_tesla/worlds
[1.019s] copying worlds/tesla_world.wbt -> /home/tedee/Webots-Simulation-with-Teleop-Key/ros2_ws/install/webots_ros2_tesla/share/webots_ros2_tesla/worlds
[1.019s] copying worlds/.tesla_world.wbproj -> /home/tedee/Webots-Simulation-with-Teleop-Key/ros2_ws/install/webots_ros2_tesla/share/webots_ros2_tesla/worlds
[1.019s] creating /home/tedee/Webots-Simulation-with-Teleop-Key/ros2_ws/install/webots_ros2_tesla/share/webots_ros2_tesla/resource
[1.019s] copying resource/tesla_webots.urdf -> /home/tedee/Webots-Simulation-with-Teleop-Key/ros2_ws/install/webots_ros2_tesla/share/webots_ros2_tesla/resource
[1.019s] copying package.xml -> /home/tedee/Webots-Simulation-with-Teleop-Key/ros2_ws/install/webots_ros2_tesla/share/webots_ros2_tesla
[1.019s] running install_egg_info
[1.019s] Copying ../../../build/webots_ros2_tesla/webots_ros2_tesla.egg-info to /home/tedee/Webots-Simulation-with-Teleop-Key/ros2_ws/install/webots_ros2_tesla/lib/python3.10/site-packages/webots_ros2_tesla-2025.0.0-py3.10.egg-info
[1.019s] running install_scripts
[1.033s] Installing lane_follower script to /home/tedee/Webots-Simulation-with-Teleop-Key/ros2_ws/install/webots_ros2_tesla/lib/webots_ros2_tesla
[1.033s] writing list of installed files to '/home/tedee/Webots-Simulation-with-Teleop-Key/ros2_ws/build/webots_ros2_tesla/install.log'
[1.053s] Invoked command in '/home/tedee/Webots-Simulation-with-Teleop-Key/ros2_ws/src/webots_ros2/webots_ros2_tesla' returned '0': AMENT_PREFIX_PATH=/home/tedee/Webots-Simulation-with-Teleop-Key/ros2_ws/install/webots_ros2_driver:/home/tedee/Webots-Simulation-with-Teleop-Key/ros2_ws/install/webots_ros2_msgs:/home/tedee/Webots-Simulation-with-Teleop-Key/ros2_ws/install/webots_ros2_importer:${AMENT_PREFIX_PATH} CMAKE_PREFIX_PATH=/home/tedee/Webots-Simulation-with-Teleop-Key/ros2_ws/install/webots_ros2_driver:/home/tedee/Webots-Simulation-with-Teleop-Key/ros2_ws/install/webots_ros2_msgs LD_LIBRARY_PATH=/home/tedee/Webots-Simulation-with-Teleop-Key/ros2_ws/install/webots_ros2_driver/lib:/home/tedee/Webots-Simulation-with-Teleop-Key/ros2_ws/install/webots_ros2_msgs/lib:${LD_LIBRARY_PATH} PYTHONPATH=/home/tedee/Webots-Simulation-with-Teleop-Key/ros2_ws/build/webots_ros2_tesla/prefix_override:/usr/lib/python3/dist-packages/colcon_core/task/python/colcon_distutils_commands:/home/tedee/Webots-Simulation-with-Teleop-Key/ros2_ws/install/webots_ros2_tesla/lib/python3.10/site-packages:/home/tedee/Webots-Simulation-with-Teleop-Key/ros2_ws/install/webots_ros2_driver/local/lib/python3.10/dist-packages:/home/tedee/Webots-Simulation-with-Teleop-Key/ros2_ws/install/webots_ros2_msgs/local/lib/python3.10/dist-packages:/home/tedee/Webots-Simulation-with-Teleop-Key/ros2_ws/install/webots_ros2_importer/lib/python3.10/site-packages:${PYTHONPATH} /usr/bin/python3 -W ignore:setup.py install is deprecated -W ignore:easy_install command is deprecated setup.py egg_info --egg-base ../../../build/webots_ros2_tesla build --build-base /home/tedee/Webots-Simulation-with-Teleop-Key/ros2_ws/build/webots_ros2_tesla/build install --record /home/tedee/Webots-Simulation-with-Teleop-Key/ros2_ws/build/webots_ros2_tesla/install.log --single-version-externally-managed install_data
