-- The C compiler identification is GNU 11.4.0
-- The CXX compiler identification is GNU 11.4.0
-- Detecting C compiler ABI info
-- Detecting C compiler ABI info - done
-- Check for working C compiler: /usr/bin/cc - skipped
-- Detecting C compile features
-- Detecting C compile features - done
-- Detecting CXX compiler ABI info
-- Detecting CXX compiler ABI info - done
-- Check for working CXX compiler: /usr/bin/c++ - skipped
-- Detecting CXX compile features
-- Detecting CXX compile features - done
-- Found ament_cmake: 1.3.11 (/opt/ros/humble/share/ament_cmake/cmake)
-- Found Python3: /usr/bin/python3 (found version "3.10.12") found components: Interpreter 
-- Found hardware_interface: 2.49.0 (/opt/ros/humble/share/hardware_interface/cmake)
-- Found rosidl_generator_c: 3.1.6 (/opt/ros/humble/share/rosidl_generator_c/cmake)
-- Found rosidl_adapter: 3.1.6 (/opt/ros/humble/share/rosidl_adapter/cmake)
-- Found rosidl_generator_cpp: 3.1.6 (/opt/ros/humble/share/rosidl_generator_cpp/cmake)
-- Using all available rosidl_typesupport_c: rosidl_typesupport_fastrtps_c;rosidl_typesupport_introspection_c
-- Using all available rosidl_typesupport_cpp: rosidl_typesupport_fastrtps_cpp;rosidl_typesupport_introspection_cpp
-- Found rmw_implementation_cmake: 6.1.2 (/opt/ros/humble/share/rmw_implementation_cmake/cmake)
-- Found rmw_fastrtps_cpp: 6.2.7 (/opt/ros/humble/share/rmw_fastrtps_cpp/cmake)
-- Found TinyXML2 via Config file: TinyXML2_DIR-NOTFOUND
-- Found OpenSSL: /usr/lib/x86_64-linux-gnu/libcrypto.so (found version "3.0.2")  
-- Found TinyXML2 via Config file: TinyXML2_DIR-NOTFOUND
-- Found FastRTPS: /opt/ros/humble/include  
-- Found TinyXML2 via Config file: TinyXML2_DIR-NOTFOUND
-- Found TinyXML2 via Config file: TinyXML2_DIR-NOTFOUND
-- Using RMW implementation 'rmw_fastrtps_cpp' as default
-- Looking for pthread.h
-- Looking for pthread.h - found
-- Performing Test CMAKE_HAVE_LIBC_PTHREAD
-- Performing Test CMAKE_HAVE_LIBC_PTHREAD - Success
-- Found Threads: TRUE  
-- Found controller_manager: 2.49.0 (/opt/ros/humble/share/controller_manager/cmake)
-- Found webots_ros2_driver: 2025.0.0 (/home/tedee/Webots-Simulation-with-Teleop-Key/ros2_ws/install/webots_ros2_driver/share/webots_ros2_driver/cmake)
-- Found eigen3_cmake_module: 0.1.1 (/opt/ros/humble/share/eigen3_cmake_module/cmake)
-- Found Eigen3: TRUE (found version "3.4.0") 
-- Ensuring Eigen3 include directory is part of orocos-kdl CMake target
-- Configuring done
-- Generating done
-- Build files have been written to: /home/tedee/Webots-Simulation-with-Teleop-Key/ros2_ws/build/webots_ros2_control
[ 25%] [32mBuilding CXX object CMakeFiles/webots_ros2_control.dir/src/Ros2Control.cpp.o[0m
[ 50%] [32mBuilding CXX object CMakeFiles/webots_ros2_control_system.dir/src/Ros2ControlSystem.cpp.o[0m
[ 75%] [32m[1mLinking CXX shared library libwebots_ros2_control_system.so[0m
[ 75%] Built target webots_ros2_control_system
[100%] [32m[1mLinking CXX shared library libwebots_ros2_control.so[0m
[100%] Built target webots_ros2_control
-- Install configuration: ""
-- Installing: /home/tedee/Webots-Simulation-with-Teleop-Key/ros2_ws/install/webots_ros2_control/share/webots_ros2_control/webots_ros2_control.xml
-- Installing: /home/tedee/Webots-Simulation-with-Teleop-Key/ros2_ws/install/webots_ros2_control/share/webots_ros2_control/webots_ros2_control_system.xml
-- Installing: /home/tedee/Webots-Simulation-with-Teleop-Key/ros2_ws/install/webots_ros2_control/lib/libwebots_ros2_control.so
-- Set runtime path of "/home/tedee/Webots-Simulation-with-Teleop-Key/ros2_ws/install/webots_ros2_control/lib/libwebots_ros2_control.so" to ""
-- Installing: /home/tedee/Webots-Simulation-with-Teleop-Key/ros2_ws/install/webots_ros2_control/lib/libwebots_ros2_control_system.so
-- Set runtime path of "/home/tedee/Webots-Simulation-with-Teleop-Key/ros2_ws/install/webots_ros2_control/lib/libwebots_ros2_control_system.so" to ""
-- Installing: /home/tedee/Webots-Simulation-with-Teleop-Key/ros2_ws/install/webots_ros2_control/include
-- Installing: /home/tedee/Webots-Simulation-with-Teleop-Key/ros2_ws/install/webots_ros2_control/include/webots_ros2_control
-- Installing: /home/tedee/Webots-Simulation-with-Teleop-Key/ros2_ws/install/webots_ros2_control/include/webots_ros2_control/Ros2ControlSystemInterface.hpp
-- Installing: /home/tedee/Webots-Simulation-with-Teleop-Key/ros2_ws/install/webots_ros2_control/include/webots_ros2_control/Ros2Control.hpp
-- Installing: /home/tedee/Webots-Simulation-with-Teleop-Key/ros2_ws/install/webots_ros2_control/include/webots_ros2_control/Ros2ControlSystem.hpp
-- Installing: /home/tedee/Webots-Simulation-with-Teleop-Key/ros2_ws/install/webots_ros2_control/share/webots_ros2_control/environment/library_path.sh
-- Installing: /home/tedee/Webots-Simulation-with-Teleop-Key/ros2_ws/install/webots_ros2_control/share/webots_ros2_control/environment/library_path.dsv
-- Installing: /home/tedee/Webots-Simulation-with-Teleop-Key/ros2_ws/install/webots_ros2_control/share/ament_index/resource_index/package_run_dependencies/webots_ros2_control
-- Installing: /home/tedee/Webots-Simulation-with-Teleop-Key/ros2_ws/install/webots_ros2_control/share/ament_index/resource_index/parent_prefix_path/webots_ros2_control
-- Installing: /home/tedee/Webots-Simulation-with-Teleop-Key/ros2_ws/install/webots_ros2_control/share/webots_ros2_control/environment/ament_prefix_path.sh
-- Installing: /home/tedee/Webots-Simulation-with-Teleop-Key/ros2_ws/install/webots_ros2_control/share/webots_ros2_control/environment/ament_prefix_path.dsv
-- Installing: /home/tedee/Webots-Simulation-with-Teleop-Key/ros2_ws/install/webots_ros2_control/share/webots_ros2_control/environment/path.sh
-- Installing: /home/tedee/Webots-Simulation-with-Teleop-Key/ros2_ws/install/webots_ros2_control/share/webots_ros2_control/environment/path.dsv
-- Installing: /home/tedee/Webots-Simulation-with-Teleop-Key/ros2_ws/install/webots_ros2_control/share/webots_ros2_control/local_setup.bash
-- Installing: /home/tedee/Webots-Simulation-with-Teleop-Key/ros2_ws/install/webots_ros2_control/share/webots_ros2_control/local_setup.sh
-- Installing: /home/tedee/Webots-Simulation-with-Teleop-Key/ros2_ws/install/webots_ros2_control/share/webots_ros2_control/local_setup.zsh
-- Installing: /home/tedee/Webots-Simulation-with-Teleop-Key/ros2_ws/install/webots_ros2_control/share/webots_ros2_control/local_setup.dsv
-- Installing: /home/tedee/Webots-Simulation-with-Teleop-Key/ros2_ws/install/webots_ros2_control/share/webots_ros2_control/package.dsv
-- Installing: /home/tedee/Webots-Simulation-with-Teleop-Key/ros2_ws/install/webots_ros2_control/share/ament_index/resource_index/packages/webots_ros2_control
-- Installing: /home/tedee/Webots-Simulation-with-Teleop-Key/ros2_ws/install/webots_ros2_control/share/ament_index/resource_index/webots_ros2_driver__pluginlib__plugin/webots_ros2_control
-- Installing: /home/tedee/Webots-Simulation-with-Teleop-Key/ros2_ws/install/webots_ros2_control/share/ament_index/resource_index/webots_ros2_control__pluginlib__plugin/webots_ros2_control
-- Installing: /home/tedee/Webots-Simulation-with-Teleop-Key/ros2_ws/install/webots_ros2_control/share/webots_ros2_control/cmake/ament_cmake_export_include_directories-extras.cmake
-- Installing: /home/tedee/Webots-Simulation-with-Teleop-Key/ros2_ws/install/webots_ros2_control/share/webots_ros2_control/cmake/ament_cmake_export_dependencies-extras.cmake
-- Installing: /home/tedee/Webots-Simulation-with-Teleop-Key/ros2_ws/install/webots_ros2_control/share/webots_ros2_control/cmake/ament_cmake_export_libraries-extras.cmake
-- Installing: /home/tedee/Webots-Simulation-with-Teleop-Key/ros2_ws/install/webots_ros2_control/share/webots_ros2_control/cmake/webots_ros2_controlConfig.cmake
-- Installing: /home/tedee/Webots-Simulation-with-Teleop-Key/ros2_ws/install/webots_ros2_control/share/webots_ros2_control/cmake/webots_ros2_controlConfig-version.cmake
-- Installing: /home/tedee/Webots-Simulation-with-Teleop-Key/ros2_ws/install/webots_ros2_control/share/webots_ros2_control/package.xml
