[0.013s] Invoking command in '/home/tedee/Webots-Simulation-with-Teleop-Key/ros2_ws/build/webots_ros2_control': AMENT_PREFIX_PATH=/home/tedee/Webots-Simulation-with-Teleop-Key/ros2_ws/install/webots_ros2_driver:/home/tedee/Webots-Simulation-with-Teleop-Key/ros2_ws/install/webots_ros2_msgs:/home/tedee/Webots-Simulation-with-Teleop-Key/ros2_ws/install/webots_ros2_importer:${AMENT_PREFIX_PATH} CMAKE_PREFIX_PATH=/home/tedee/Webots-Simulation-with-Teleop-Key/ros2_ws/install/webots_ros2_driver:/home/tedee/Webots-Simulation-with-Teleop-Key/ros2_ws/install/webots_ros2_msgs:/home/tedee/ros2_ws/install/webots_ros2:/home/tedee/ros2_ws/install/webots_ros2_universal_robot:/home/tedee/ros2_ws/install/webots_ros2_turtlebot:/home/tedee/ros2_ws/install/webots_ros2_tiago:/home/tedee/ros2_ws/install/webots_ros2_tests:/home/tedee/ros2_ws/install/webots_ros2_tesla:/home/tedee/ros2_ws/install/webots_ros2_mavic:/home/tedee/ros2_ws/install/webots_ros2_husarion:/home/tedee/ros2_ws/install/webots_ros2_epuck:/home/tedee/ros2_ws/install/webots_ros2_crazyflie:/home/tedee/ros2_ws/install/webots_ros2_control:/home/tedee/ros2_ws/install/my_robot_controller:/home/tedee/ros2_ws/install/webots_ros2_driver:/home/tedee/ros2_ws/install/webots_ros2_msgs:/home/tedee/ros2_ws/install/webots_ros2_importer:/home/tedee/ros2_ws/install/webots_robot:/home/tedee/ros2_ws/install/webots_extern:/home/tedee/ros2_ws/install/dijkstra_planner:/home/tedee/ros2_ws/install/aruco:/opt/ros/humble LD_LIBRARY_PATH=/home/tedee/Webots-Simulation-with-Teleop-Key/ros2_ws/install/webots_ros2_driver/lib:/home/tedee/Webots-Simulation-with-Teleop-Key/ros2_ws/install/webots_ros2_msgs/lib:${LD_LIBRARY_PATH} PYTHONPATH=/home/tedee/Webots-Simulation-with-Teleop-Key/ros2_ws/install/webots_ros2_driver/local/lib/python3.10/dist-packages:/home/tedee/Webots-Simulation-with-Teleop-Key/ros2_ws/install/webots_ros2_msgs/local/lib/python3.10/dist-packages:/home/tedee/Webots-Simulation-with-Teleop-Key/ros2_ws/install/webots_ros2_importer/lib/python3.10/site-packages:${PYTHONPATH} /usr/bin/cmake /home/tedee/Webots-Simulation-with-Teleop-Key/ros2_ws/src/webots_ros2/webots_ros2_control -DCMAKE_INSTALL_PREFIX=/home/tedee/Webots-Simulation-with-Teleop-Key/ros2_ws/install/webots_ros2_control
[0.188s] -- The C compiler identification is GNU 11.4.0
[0.188s] -- The CXX compiler identification is GNU 11.4.0
[0.188s] -- Detecting C compiler ABI info
[0.188s] -- Detecting C compiler ABI info - done
[0.188s] -- Check for working C compiler: /usr/bin/cc - skipped
[0.188s] -- Detecting C compile features
[0.189s] -- Detecting C compile features - done
[0.189s] -- Detecting CXX compiler ABI info
[0.195s] -- Detecting CXX compiler ABI info - done
[0.199s] -- Check for working CXX compiler: /usr/bin/c++ - skipped
[0.199s] -- Detecting CXX compile features
[0.200s] -- Detecting CXX compile features - done
[0.202s] -- Found ament_cmake: 1.3.11 (/opt/ros/humble/share/ament_cmake/cmake)
[0.313s] -- Found Python3: /usr/bin/python3 (found version "3.10.12") found components: Interpreter 
[0.381s] -- Found hardware_interface: 2.49.0 (/opt/ros/humble/share/hardware_interface/cmake)
[0.409s] -- Found rosidl_generator_c: 3.1.6 (/opt/ros/humble/share/rosidl_generator_c/cmake)
[0.413s] -- Found rosidl_adapter: 3.1.6 (/opt/ros/humble/share/rosidl_adapter/cmake)
[0.419s] -- Found rosidl_generator_cpp: 3.1.6 (/opt/ros/humble/share/rosidl_generator_cpp/cmake)
[0.426s] -- Using all available rosidl_typesupport_c: rosidl_typesupport_fastrtps_c;rosidl_typesupport_introspection_c
[0.437s] -- Using all available rosidl_typesupport_cpp: rosidl_typesupport_fastrtps_cpp;rosidl_typesupport_introspection_cpp
[0.567s] -- Found rmw_implementation_cmake: 6.1.2 (/opt/ros/humble/share/rmw_implementation_cmake/cmake)
[0.570s] -- Found rmw_fastrtps_cpp: 6.2.7 (/opt/ros/humble/share/rmw_fastrtps_cpp/cmake)
[0.588s] -- Found TinyXML2 via Config file: TinyXML2_DIR-NOTFOUND
[0.636s] -- Found OpenSSL: /usr/lib/x86_64-linux-gnu/libcrypto.so (found version "3.0.2")  
[0.638s] -- Found TinyXML2 via Config file: TinyXML2_DIR-NOTFOUND
[0.652s] -- Found FastRTPS: /opt/ros/humble/include  
[0.656s] -- Found TinyXML2 via Config file: TinyXML2_DIR-NOTFOUND
[0.662s] -- Found TinyXML2 via Config file: TinyXML2_DIR-NOTFOUND
[0.670s] -- Using RMW implementation 'rmw_fastrtps_cpp' as default
[0.677s] -- Looking for pthread.h
[0.737s] -- Looking for pthread.h - found
[0.737s] -- Performing Test CMAKE_HAVE_LIBC_PTHREAD
[0.798s] -- Performing Test CMAKE_HAVE_LIBC_PTHREAD - Success
[0.799s] -- Found Threads: TRUE  
[0.835s] -- Found controller_manager: 2.49.0 (/opt/ros/humble/share/controller_manager/cmake)
[0.864s] -- Found webots_ros2_driver: 2025.0.0 (/home/tedee/Webots-Simulation-with-Teleop-Key/ros2_ws/install/webots_ros2_driver/share/webots_ros2_driver/cmake)
[0.880s] -- Found eigen3_cmake_module: 0.1.1 (/opt/ros/humble/share/eigen3_cmake_module/cmake)
[0.881s] -- Found Eigen3: TRUE (found version "3.4.0") 
[0.881s] -- Ensuring Eigen3 include directory is part of orocos-kdl CMake target
[1.033s] -- Configuring done
[1.067s] -- Generating done
[1.072s] -- Build files have been written to: /home/tedee/Webots-Simulation-with-Teleop-Key/ros2_ws/build/webots_ros2_control
[1.079s] Invoked command in '/home/tedee/Webots-Simulation-with-Teleop-Key/ros2_ws/build/webots_ros2_control' returned '0': AMENT_PREFIX_PATH=/home/tedee/Webots-Simulation-with-Teleop-Key/ros2_ws/install/webots_ros2_driver:/home/tedee/Webots-Simulation-with-Teleop-Key/ros2_ws/install/webots_ros2_msgs:/home/tedee/Webots-Simulation-with-Teleop-Key/ros2_ws/install/webots_ros2_importer:${AMENT_PREFIX_PATH} CMAKE_PREFIX_PATH=/home/tedee/Webots-Simulation-with-Teleop-Key/ros2_ws/install/webots_ros2_driver:/home/tedee/Webots-Simulation-with-Teleop-Key/ros2_ws/install/webots_ros2_msgs:/home/tedee/ros2_ws/install/webots_ros2:/home/tedee/ros2_ws/install/webots_ros2_universal_robot:/home/tedee/ros2_ws/install/webots_ros2_turtlebot:/home/tedee/ros2_ws/install/webots_ros2_tiago:/home/tedee/ros2_ws/install/webots_ros2_tests:/home/tedee/ros2_ws/install/webots_ros2_tesla:/home/tedee/ros2_ws/install/webots_ros2_mavic:/home/tedee/ros2_ws/install/webots_ros2_husarion:/home/tedee/ros2_ws/install/webots_ros2_epuck:/home/tedee/ros2_ws/install/webots_ros2_crazyflie:/home/tedee/ros2_ws/install/webots_ros2_control:/home/tedee/ros2_ws/install/my_robot_controller:/home/tedee/ros2_ws/install/webots_ros2_driver:/home/tedee/ros2_ws/install/webots_ros2_msgs:/home/tedee/ros2_ws/install/webots_ros2_importer:/home/tedee/ros2_ws/install/webots_robot:/home/tedee/ros2_ws/install/webots_extern:/home/tedee/ros2_ws/install/dijkstra_planner:/home/tedee/ros2_ws/install/aruco:/opt/ros/humble LD_LIBRARY_PATH=/home/tedee/Webots-Simulation-with-Teleop-Key/ros2_ws/install/webots_ros2_driver/lib:/home/tedee/Webots-Simulation-with-Teleop-Key/ros2_ws/install/webots_ros2_msgs/lib:${LD_LIBRARY_PATH} PYTHONPATH=/home/tedee/Webots-Simulation-with-Teleop-Key/ros2_ws/install/webots_ros2_driver/local/lib/python3.10/dist-packages:/home/tedee/Webots-Simulation-with-Teleop-Key/ros2_ws/install/webots_ros2_msgs/local/lib/python3.10/dist-packages:/home/tedee/Webots-Simulation-with-Teleop-Key/ros2_ws/install/webots_ros2_importer/lib/python3.10/site-packages:${PYTHONPATH} /usr/bin/cmake /home/tedee/Webots-Simulation-with-Teleop-Key/ros2_ws/src/webots_ros2/webots_ros2_control -DCMAKE_INSTALL_PREFIX=/home/tedee/Webots-Simulation-with-Teleop-Key/ros2_ws/install/webots_ros2_control
[1.080s] Invoking command in '/home/tedee/Webots-Simulation-with-Teleop-Key/ros2_ws/build/webots_ros2_control': AMENT_PREFIX_PATH=/home/tedee/Webots-Simulation-with-Teleop-Key/ros2_ws/install/webots_ros2_driver:/home/tedee/Webots-Simulation-with-Teleop-Key/ros2_ws/install/webots_ros2_msgs:/home/tedee/Webots-Simulation-with-Teleop-Key/ros2_ws/install/webots_ros2_importer:${AMENT_PREFIX_PATH} CMAKE_PREFIX_PATH=/home/tedee/Webots-Simulation-with-Teleop-Key/ros2_ws/install/webots_ros2_driver:/home/tedee/Webots-Simulation-with-Teleop-Key/ros2_ws/install/webots_ros2_msgs:/home/tedee/ros2_ws/install/webots_ros2:/home/tedee/ros2_ws/install/webots_ros2_universal_robot:/home/tedee/ros2_ws/install/webots_ros2_turtlebot:/home/tedee/ros2_ws/install/webots_ros2_tiago:/home/tedee/ros2_ws/install/webots_ros2_tests:/home/tedee/ros2_ws/install/webots_ros2_tesla:/home/tedee/ros2_ws/install/webots_ros2_mavic:/home/tedee/ros2_ws/install/webots_ros2_husarion:/home/tedee/ros2_ws/install/webots_ros2_epuck:/home/tedee/ros2_ws/install/webots_ros2_crazyflie:/home/tedee/ros2_ws/install/webots_ros2_control:/home/tedee/ros2_ws/install/my_robot_controller:/home/tedee/ros2_ws/install/webots_ros2_driver:/home/tedee/ros2_ws/install/webots_ros2_msgs:/home/tedee/ros2_ws/install/webots_ros2_importer:/home/tedee/ros2_ws/install/webots_robot:/home/tedee/ros2_ws/install/webots_extern:/home/tedee/ros2_ws/install/dijkstra_planner:/home/tedee/ros2_ws/install/aruco:/opt/ros/humble LD_LIBRARY_PATH=/home/tedee/Webots-Simulation-with-Teleop-Key/ros2_ws/install/webots_ros2_driver/lib:/home/tedee/Webots-Simulation-with-Teleop-Key/ros2_ws/install/webots_ros2_msgs/lib:${LD_LIBRARY_PATH} PYTHONPATH=/home/tedee/Webots-Simulation-with-Teleop-Key/ros2_ws/install/webots_ros2_driver/local/lib/python3.10/dist-packages:/home/tedee/Webots-Simulation-with-Teleop-Key/ros2_ws/install/webots_ros2_msgs/local/lib/python3.10/dist-packages:/home/tedee/Webots-Simulation-with-Teleop-Key/ros2_ws/install/webots_ros2_importer/lib/python3.10/site-packages:${PYTHONPATH} /usr/bin/cmake --build /home/tedee/Webots-Simulation-with-Teleop-Key/ros2_ws/build/webots_ros2_control -- -j20 -l20
[1.116s] [ 25%] [32mBuilding CXX object CMakeFiles/webots_ros2_control.dir/src/Ros2Control.cpp.o[0m
[1.118s] [ 50%] [32mBuilding CXX object CMakeFiles/webots_ros2_control_system.dir/src/Ros2ControlSystem.cpp.o[0m
[3.201s] [ 75%] [32m[1mLinking CXX shared library libwebots_ros2_control_system.so[0m
[3.310s] [ 75%] Built target webots_ros2_control_system
[4.443s] [100%] [32m[1mLinking CXX shared library libwebots_ros2_control.so[0m
[4.663s] [100%] Built target webots_ros2_control
[4.670s] Invoked command in '/home/tedee/Webots-Simulation-with-Teleop-Key/ros2_ws/build/webots_ros2_control' returned '0': AMENT_PREFIX_PATH=/home/tedee/Webots-Simulation-with-Teleop-Key/ros2_ws/install/webots_ros2_driver:/home/tedee/Webots-Simulation-with-Teleop-Key/ros2_ws/install/webots_ros2_msgs:/home/tedee/Webots-Simulation-with-Teleop-Key/ros2_ws/install/webots_ros2_importer:${AMENT_PREFIX_PATH} CMAKE_PREFIX_PATH=/home/tedee/Webots-Simulation-with-Teleop-Key/ros2_ws/install/webots_ros2_driver:/home/tedee/Webots-Simulation-with-Teleop-Key/ros2_ws/install/webots_ros2_msgs:/home/tedee/ros2_ws/install/webots_ros2:/home/tedee/ros2_ws/install/webots_ros2_universal_robot:/home/tedee/ros2_ws/install/webots_ros2_turtlebot:/home/tedee/ros2_ws/install/webots_ros2_tiago:/home/tedee/ros2_ws/install/webots_ros2_tests:/home/tedee/ros2_ws/install/webots_ros2_tesla:/home/tedee/ros2_ws/install/webots_ros2_mavic:/home/tedee/ros2_ws/install/webots_ros2_husarion:/home/tedee/ros2_ws/install/webots_ros2_epuck:/home/tedee/ros2_ws/install/webots_ros2_crazyflie:/home/tedee/ros2_ws/install/webots_ros2_control:/home/tedee/ros2_ws/install/my_robot_controller:/home/tedee/ros2_ws/install/webots_ros2_driver:/home/tedee/ros2_ws/install/webots_ros2_msgs:/home/tedee/ros2_ws/install/webots_ros2_importer:/home/tedee/ros2_ws/install/webots_robot:/home/tedee/ros2_ws/install/webots_extern:/home/tedee/ros2_ws/install/dijkstra_planner:/home/tedee/ros2_ws/install/aruco:/opt/ros/humble LD_LIBRARY_PATH=/home/tedee/Webots-Simulation-with-Teleop-Key/ros2_ws/install/webots_ros2_driver/lib:/home/tedee/Webots-Simulation-with-Teleop-Key/ros2_ws/install/webots_ros2_msgs/lib:${LD_LIBRARY_PATH} PYTHONPATH=/home/tedee/Webots-Simulation-with-Teleop-Key/ros2_ws/install/webots_ros2_driver/local/lib/python3.10/dist-packages:/home/tedee/Webots-Simulation-with-Teleop-Key/ros2_ws/install/webots_ros2_msgs/local/lib/python3.10/dist-packages:/home/tedee/Webots-Simulation-with-Teleop-Key/ros2_ws/install/webots_ros2_importer/lib/python3.10/site-packages:${PYTHONPATH} /usr/bin/cmake --build /home/tedee/Webots-Simulation-with-Teleop-Key/ros2_ws/build/webots_ros2_control -- -j20 -l20
[4.671s] Invoking command in '/home/tedee/Webots-Simulation-with-Teleop-Key/ros2_ws/build/webots_ros2_control': AMENT_PREFIX_PATH=/home/tedee/Webots-Simulation-with-Teleop-Key/ros2_ws/install/webots_ros2_driver:/home/tedee/Webots-Simulation-with-Teleop-Key/ros2_ws/install/webots_ros2_msgs:/home/tedee/Webots-Simulation-with-Teleop-Key/ros2_ws/install/webots_ros2_importer:${AMENT_PREFIX_PATH} CMAKE_PREFIX_PATH=/home/tedee/Webots-Simulation-with-Teleop-Key/ros2_ws/install/webots_ros2_driver:/home/tedee/Webots-Simulation-with-Teleop-Key/ros2_ws/install/webots_ros2_msgs:/home/tedee/ros2_ws/install/webots_ros2:/home/tedee/ros2_ws/install/webots_ros2_universal_robot:/home/tedee/ros2_ws/install/webots_ros2_turtlebot:/home/tedee/ros2_ws/install/webots_ros2_tiago:/home/tedee/ros2_ws/install/webots_ros2_tests:/home/tedee/ros2_ws/install/webots_ros2_tesla:/home/tedee/ros2_ws/install/webots_ros2_mavic:/home/tedee/ros2_ws/install/webots_ros2_husarion:/home/tedee/ros2_ws/install/webots_ros2_epuck:/home/tedee/ros2_ws/install/webots_ros2_crazyflie:/home/tedee/ros2_ws/install/webots_ros2_control:/home/tedee/ros2_ws/install/my_robot_controller:/home/tedee/ros2_ws/install/webots_ros2_driver:/home/tedee/ros2_ws/install/webots_ros2_msgs:/home/tedee/ros2_ws/install/webots_ros2_importer:/home/tedee/ros2_ws/install/webots_robot:/home/tedee/ros2_ws/install/webots_extern:/home/tedee/ros2_ws/install/dijkstra_planner:/home/tedee/ros2_ws/install/aruco:/opt/ros/humble LD_LIBRARY_PATH=/home/tedee/Webots-Simulation-with-Teleop-Key/ros2_ws/install/webots_ros2_driver/lib:/home/tedee/Webots-Simulation-with-Teleop-Key/ros2_ws/install/webots_ros2_msgs/lib:${LD_LIBRARY_PATH} PYTHONPATH=/home/tedee/Webots-Simulation-with-Teleop-Key/ros2_ws/install/webots_ros2_driver/local/lib/python3.10/dist-packages:/home/tedee/Webots-Simulation-with-Teleop-Key/ros2_ws/install/webots_ros2_msgs/local/lib/python3.10/dist-packages:/home/tedee/Webots-Simulation-with-Teleop-Key/ros2_ws/install/webots_ros2_importer/lib/python3.10/site-packages:${PYTHONPATH} /usr/bin/cmake --install /home/tedee/Webots-Simulation-with-Teleop-Key/ros2_ws/build/webots_ros2_control
[4.677s] -- Install configuration: ""
[4.677s] -- Installing: /home/tedee/Webots-Simulation-with-Teleop-Key/ros2_ws/install/webots_ros2_control/share/webots_ros2_control/webots_ros2_control.xml
[4.677s] -- Installing: /home/tedee/Webots-Simulation-with-Teleop-Key/ros2_ws/install/webots_ros2_control/share/webots_ros2_control/webots_ros2_control_system.xml
[4.677s] -- Installing: /home/tedee/Webots-Simulation-with-Teleop-Key/ros2_ws/install/webots_ros2_control/lib/libwebots_ros2_control.so
[4.678s] -- Set runtime path of "/home/tedee/Webots-Simulation-with-Teleop-Key/ros2_ws/install/webots_ros2_control/lib/libwebots_ros2_control.so" to ""
[4.678s] -- Installing: /home/tedee/Webots-Simulation-with-Teleop-Key/ros2_ws/install/webots_ros2_control/lib/libwebots_ros2_control_system.so
[4.678s] -- Set runtime path of "/home/tedee/Webots-Simulation-with-Teleop-Key/ros2_ws/install/webots_ros2_control/lib/libwebots_ros2_control_system.so" to ""
[4.678s] -- Installing: /home/tedee/Webots-Simulation-with-Teleop-Key/ros2_ws/install/webots_ros2_control/include
[4.678s] -- Installing: /home/tedee/Webots-Simulation-with-Teleop-Key/ros2_ws/install/webots_ros2_control/include/webots_ros2_control
[4.678s] -- Installing: /home/tedee/Webots-Simulation-with-Teleop-Key/ros2_ws/install/webots_ros2_control/include/webots_ros2_control/Ros2ControlSystemInterface.hpp
[4.678s] -- Installing: /home/tedee/Webots-Simulation-with-Teleop-Key/ros2_ws/install/webots_ros2_control/include/webots_ros2_control/Ros2Control.hpp
[4.678s] -- Installing: /home/tedee/Webots-Simulation-with-Teleop-Key/ros2_ws/install/webots_ros2_control/include/webots_ros2_control/Ros2ControlSystem.hpp
[4.679s] -- Installing: /home/tedee/Webots-Simulation-with-Teleop-Key/ros2_ws/install/webots_ros2_control/share/webots_ros2_control/environment/library_path.sh
[4.679s] -- Installing: /home/tedee/Webots-Simulation-with-Teleop-Key/ros2_ws/install/webots_ros2_control/share/webots_ros2_control/environment/library_path.dsv
[4.679s] -- Installing: /home/tedee/Webots-Simulation-with-Teleop-Key/ros2_ws/install/webots_ros2_control/share/ament_index/resource_index/package_run_dependencies/webots_ros2_control
[4.679s] -- Installing: /home/tedee/Webots-Simulation-with-Teleop-Key/ros2_ws/install/webots_ros2_control/share/ament_index/resource_index/parent_prefix_path/webots_ros2_control
[4.679s] -- Installing: /home/tedee/Webots-Simulation-with-Teleop-Key/ros2_ws/install/webots_ros2_control/share/webots_ros2_control/environment/ament_prefix_path.sh
[4.679s] -- Installing: /home/tedee/Webots-Simulation-with-Teleop-Key/ros2_ws/install/webots_ros2_control/share/webots_ros2_control/environment/ament_prefix_path.dsv
[4.679s] -- Installing: /home/tedee/Webots-Simulation-with-Teleop-Key/ros2_ws/install/webots_ros2_control/share/webots_ros2_control/environment/path.sh
[4.679s] -- Installing: /home/tedee/Webots-Simulation-with-Teleop-Key/ros2_ws/install/webots_ros2_control/share/webots_ros2_control/environment/path.dsv
[4.679s] -- Installing: /home/tedee/Webots-Simulation-with-Teleop-Key/ros2_ws/install/webots_ros2_control/share/webots_ros2_control/local_setup.bash
[4.679s] -- Installing: /home/tedee/Webots-Simulation-with-Teleop-Key/ros2_ws/install/webots_ros2_control/share/webots_ros2_control/local_setup.sh
[4.679s] -- Installing: /home/tedee/Webots-Simulation-with-Teleop-Key/ros2_ws/install/webots_ros2_control/share/webots_ros2_control/local_setup.zsh
[4.679s] -- Installing: /home/tedee/Webots-Simulation-with-Teleop-Key/ros2_ws/install/webots_ros2_control/share/webots_ros2_control/local_setup.dsv
[4.679s] -- Installing: /home/tedee/Webots-Simulation-with-Teleop-Key/ros2_ws/install/webots_ros2_control/share/webots_ros2_control/package.dsv
[4.679s] -- Installing: /home/tedee/Webots-Simulation-with-Teleop-Key/ros2_ws/install/webots_ros2_control/share/ament_index/resource_index/packages/webots_ros2_control
[4.679s] -- Installing: /home/tedee/Webots-Simulation-with-Teleop-Key/ros2_ws/install/webots_ros2_control/share/ament_index/resource_index/webots_ros2_driver__pluginlib__plugin/webots_ros2_control
[4.679s] -- Installing: /home/tedee/Webots-Simulation-with-Teleop-Key/ros2_ws/install/webots_ros2_control/share/ament_index/resource_index/webots_ros2_control__pluginlib__plugin/webots_ros2_control
[4.679s] -- Installing: /home/tedee/Webots-Simulation-with-Teleop-Key/ros2_ws/install/webots_ros2_control/share/webots_ros2_control/cmake/ament_cmake_export_include_directories-extras.cmake
[4.679s] -- Installing: /home/tedee/Webots-Simulation-with-Teleop-Key/ros2_ws/install/webots_ros2_control/share/webots_ros2_control/cmake/ament_cmake_export_dependencies-extras.cmake
[4.680s] -- Installing: /home/tedee/Webots-Simulation-with-Teleop-Key/ros2_ws/install/webots_ros2_control/share/webots_ros2_control/cmake/ament_cmake_export_libraries-extras.cmake
[4.680s] -- Installing: /home/tedee/Webots-Simulation-with-Teleop-Key/ros2_ws/install/webots_ros2_control/share/webots_ros2_control/cmake/webots_ros2_controlConfig.cmake
[4.680s] -- Installing: /home/tedee/Webots-Simulation-with-Teleop-Key/ros2_ws/install/webots_ros2_control/share/webots_ros2_control/cmake/webots_ros2_controlConfig-version.cmake
[4.680s] -- Installing: /home/tedee/Webots-Simulation-with-Teleop-Key/ros2_ws/install/webots_ros2_control/share/webots_ros2_control/package.xml
[4.681s] Invoked command in '/home/tedee/Webots-Simulation-with-Teleop-Key/ros2_ws/build/webots_ros2_control' returned '0': AMENT_PREFIX_PATH=/home/tedee/Webots-Simulation-with-Teleop-Key/ros2_ws/install/webots_ros2_driver:/home/tedee/Webots-Simulation-with-Teleop-Key/ros2_ws/install/webots_ros2_msgs:/home/tedee/Webots-Simulation-with-Teleop-Key/ros2_ws/install/webots_ros2_importer:${AMENT_PREFIX_PATH} CMAKE_PREFIX_PATH=/home/tedee/Webots-Simulation-with-Teleop-Key/ros2_ws/install/webots_ros2_driver:/home/tedee/Webots-Simulation-with-Teleop-Key/ros2_ws/install/webots_ros2_msgs:/home/tedee/ros2_ws/install/webots_ros2:/home/tedee/ros2_ws/install/webots_ros2_universal_robot:/home/tedee/ros2_ws/install/webots_ros2_turtlebot:/home/tedee/ros2_ws/install/webots_ros2_tiago:/home/tedee/ros2_ws/install/webots_ros2_tests:/home/tedee/ros2_ws/install/webots_ros2_tesla:/home/tedee/ros2_ws/install/webots_ros2_mavic:/home/tedee/ros2_ws/install/webots_ros2_husarion:/home/tedee/ros2_ws/install/webots_ros2_epuck:/home/tedee/ros2_ws/install/webots_ros2_crazyflie:/home/tedee/ros2_ws/install/webots_ros2_control:/home/tedee/ros2_ws/install/my_robot_controller:/home/tedee/ros2_ws/install/webots_ros2_driver:/home/tedee/ros2_ws/install/webots_ros2_msgs:/home/tedee/ros2_ws/install/webots_ros2_importer:/home/tedee/ros2_ws/install/webots_robot:/home/tedee/ros2_ws/install/webots_extern:/home/tedee/ros2_ws/install/dijkstra_planner:/home/tedee/ros2_ws/install/aruco:/opt/ros/humble LD_LIBRARY_PATH=/home/tedee/Webots-Simulation-with-Teleop-Key/ros2_ws/install/webots_ros2_driver/lib:/home/tedee/Webots-Simulation-with-Teleop-Key/ros2_ws/install/webots_ros2_msgs/lib:${LD_LIBRARY_PATH} PYTHONPATH=/home/tedee/Webots-Simulation-with-Teleop-Key/ros2_ws/install/webots_ros2_driver/local/lib/python3.10/dist-packages:/home/tedee/Webots-Simulation-with-Teleop-Key/ros2_ws/install/webots_ros2_msgs/local/lib/python3.10/dist-packages:/home/tedee/Webots-Simulation-with-Teleop-Key/ros2_ws/install/webots_ros2_importer/lib/python3.10/site-packages:${PYTHONPATH} /usr/bin/cmake --install /home/tedee/Webots-Simulation-with-Teleop-Key/ros2_ws/build/webots_ros2_control
