[0.833s] Invoking command in '/home/tedee/Webots-Simulation-with-Teleop-Key/ros2_ws/src/webots_ros2/webots_ros2_crazyflie': AMENT_PREFIX_PATH=/home/tedee/Webots-Simulation-with-Teleop-Key/ros2_ws/install/webots_ros2_driver:/home/tedee/Webots-Simulation-with-Teleop-Key/ros2_ws/install/webots_ros2_msgs:/home/tedee/Webots-Simulation-with-Teleop-Key/ros2_ws/install/webots_ros2_importer:${AMENT_PREFIX_PATH} CMAKE_PREFIX_PATH=/home/tedee/Webots-Simulation-with-Teleop-Key/ros2_ws/install/webots_ros2_driver:/home/tedee/Webots-Simulation-with-Teleop-Key/ros2_ws/install/webots_ros2_msgs LD_LIBRARY_PATH=/home/tedee/Webots-Simulation-with-Teleop-Key/ros2_ws/install/webots_ros2_driver/lib:/home/tedee/Webots-Simulation-with-Teleop-Key/ros2_ws/install/webots_ros2_msgs/lib:${LD_LIBRARY_PATH} PYTHONPATH=/home/tedee/Webots-Simulation-with-Teleop-Key/ros2_ws/build/webots_ros2_crazyflie/prefix_override:/usr/lib/python3/dist-packages/colcon_core/task/python/colcon_distutils_commands:/home/tedee/Webots-Simulation-with-Teleop-Key/ros2_ws/install/webots_ros2_crazyflie/lib/python3.10/site-packages:/home/tedee/Webots-Simulation-with-Teleop-Key/ros2_ws/install/webots_ros2_driver/local/lib/python3.10/dist-packages:/home/tedee/Webots-Simulation-with-Teleop-Key/ros2_ws/install/webots_ros2_msgs/local/lib/python3.10/dist-packages:/home/tedee/Webots-Simulation-with-Teleop-Key/ros2_ws/install/webots_ros2_importer/lib/python3.10/site-packages:${PYTHONPATH} /usr/bin/python3 -W ignore:setup.py install is deprecated -W ignore:easy_install command is deprecated setup.py egg_info --egg-base ../../../build/webots_ros2_crazyflie build --build-base /home/tedee/Webots-Simulation-with-Teleop-Key/ros2_ws/build/webots_ros2_crazyflie/build install --record /home/tedee/Webots-Simulation-with-Teleop-Key/ros2_ws/build/webots_ros2_crazyflie/install.log --single-version-externally-managed install_data
[1.006s] running egg_info
[1.006s] creating ../../../build/webots_ros2_crazyflie/webots_ros2_crazyflie.egg-info
[1.006s] writing ../../../build/webots_ros2_crazyflie/webots_ros2_crazyflie.egg-info/PKG-INFO
[1.006s] writing dependency_links to ../../../build/webots_ros2_crazyflie/webots_ros2_crazyflie.egg-info/dependency_links.txt
[1.007s] writing entry points to ../../../build/webots_ros2_crazyflie/webots_ros2_crazyflie.egg-info/entry_points.txt
[1.007s] writing requirements to ../../../build/webots_ros2_crazyflie/webots_ros2_crazyflie.egg-info/requires.txt
[1.007s] writing top-level names to ../../../build/webots_ros2_crazyflie/webots_ros2_crazyflie.egg-info/top_level.txt
[1.007s] writing manifest file '../../../build/webots_ros2_crazyflie/webots_ros2_crazyflie.egg-info/SOURCES.txt'
[1.007s] reading manifest file '../../../build/webots_ros2_crazyflie/webots_ros2_crazyflie.egg-info/SOURCES.txt'
[1.008s] writing manifest file '../../../build/webots_ros2_crazyflie/webots_ros2_crazyflie.egg-info/SOURCES.txt'
[1.008s] running build
[1.008s] running build_py
[1.008s] creating /home/tedee/Webots-Simulation-with-Teleop-Key/ros2_ws/build/webots_ros2_crazyflie/build
[1.008s] creating /home/tedee/Webots-Simulation-with-Teleop-Key/ros2_ws/build/webots_ros2_crazyflie/build/lib
[1.008s] creating /home/tedee/Webots-Simulation-with-Teleop-Key/ros2_ws/build/webots_ros2_crazyflie/build/lib/webots_ros2_crazyflie
[1.008s] copying webots_ros2_crazyflie/crazyflie_driver.py -> /home/tedee/Webots-Simulation-with-Teleop-Key/ros2_ws/build/webots_ros2_crazyflie/build/lib/webots_ros2_crazyflie
[1.008s] copying webots_ros2_crazyflie/__init__.py -> /home/tedee/Webots-Simulation-with-Teleop-Key/ros2_ws/build/webots_ros2_crazyflie/build/lib/webots_ros2_crazyflie
[1.009s] running install
[1.009s] running install_lib
[1.009s] creating /home/tedee/Webots-Simulation-with-Teleop-Key/ros2_ws/install/webots_ros2_crazyflie/lib/python3.10/site-packages/webots_ros2_crazyflie
[1.009s] copying /home/tedee/Webots-Simulation-with-Teleop-Key/ros2_ws/build/webots_ros2_crazyflie/build/lib/webots_ros2_crazyflie/crazyflie_driver.py -> /home/tedee/Webots-Simulation-with-Teleop-Key/ros2_ws/install/webots_ros2_crazyflie/lib/python3.10/site-packages/webots_ros2_crazyflie
[1.009s] copying /home/tedee/Webots-Simulation-with-Teleop-Key/ros2_ws/build/webots_ros2_crazyflie/build/lib/webots_ros2_crazyflie/__init__.py -> /home/tedee/Webots-Simulation-with-Teleop-Key/ros2_ws/install/webots_ros2_crazyflie/lib/python3.10/site-packages/webots_ros2_crazyflie
[1.009s] byte-compiling /home/tedee/Webots-Simulation-with-Teleop-Key/ros2_ws/install/webots_ros2_crazyflie/lib/python3.10/site-packages/webots_ros2_crazyflie/crazyflie_driver.py to crazyflie_driver.cpython-310.pyc
[1.010s] byte-compiling /home/tedee/Webots-Simulation-with-Teleop-Key/ros2_ws/install/webots_ros2_crazyflie/lib/python3.10/site-packages/webots_ros2_crazyflie/__init__.py to __init__.cpython-310.pyc
[1.010s] running install_data
[1.011s] creating /home/tedee/Webots-Simulation-with-Teleop-Key/ros2_ws/install/webots_ros2_crazyflie/share/ament_index
[1.011s] creating /home/tedee/Webots-Simulation-with-Teleop-Key/ros2_ws/install/webots_ros2_crazyflie/share/ament_index/resource_index
[1.011s] creating /home/tedee/Webots-Simulation-with-Teleop-Key/ros2_ws/install/webots_ros2_crazyflie/share/ament_index/resource_index/packages
[1.011s] copying resource/webots_ros2_crazyflie -> /home/tedee/Webots-Simulation-with-Teleop-Key/ros2_ws/install/webots_ros2_crazyflie/share/ament_index/resource_index/packages
[1.011s] creating /home/tedee/Webots-Simulation-with-Teleop-Key/ros2_ws/install/webots_ros2_crazyflie/share/webots_ros2_crazyflie/launch
[1.011s] copying launch/robot_launch.py -> /home/tedee/Webots-Simulation-with-Teleop-Key/ros2_ws/install/webots_ros2_crazyflie/share/webots_ros2_crazyflie/launch
[1.011s] creating /home/tedee/Webots-Simulation-with-Teleop-Key/ros2_ws/install/webots_ros2_crazyflie/share/webots_ros2_crazyflie/worlds
[1.011s] copying worlds/crazyflie_apartment.wbt -> /home/tedee/Webots-Simulation-with-Teleop-Key/ros2_ws/install/webots_ros2_crazyflie/share/webots_ros2_crazyflie/worlds
[1.011s] copying worlds/.crazyflie_apartment.wbproj -> /home/tedee/Webots-Simulation-with-Teleop-Key/ros2_ws/install/webots_ros2_crazyflie/share/webots_ros2_crazyflie/worlds
[1.012s] creating /home/tedee/Webots-Simulation-with-Teleop-Key/ros2_ws/install/webots_ros2_crazyflie/share/webots_ros2_crazyflie/resource
[1.012s] copying resource/crazyflie_webots.urdf -> /home/tedee/Webots-Simulation-with-Teleop-Key/ros2_ws/install/webots_ros2_crazyflie/share/webots_ros2_crazyflie/resource
[1.012s] copying package.xml -> /home/tedee/Webots-Simulation-with-Teleop-Key/ros2_ws/install/webots_ros2_crazyflie/share/webots_ros2_crazyflie
[1.012s] running install_egg_info
[1.013s] Copying ../../../build/webots_ros2_crazyflie/webots_ros2_crazyflie.egg-info to /home/tedee/Webots-Simulation-with-Teleop-Key/ros2_ws/install/webots_ros2_crazyflie/lib/python3.10/site-packages/webots_ros2_crazyflie-2025.0.0-py3.10.egg-info
[1.013s] running install_scripts
[1.026s] Installing crazyflie_driver script to /home/tedee/Webots-Simulation-with-Teleop-Key/ros2_ws/install/webots_ros2_crazyflie/lib/webots_ros2_crazyflie
[1.026s] writing list of installed files to '/home/tedee/Webots-Simulation-with-Teleop-Key/ros2_ws/build/webots_ros2_crazyflie/install.log'
[1.045s] Invoked command in '/home/tedee/Webots-Simulation-with-Teleop-Key/ros2_ws/src/webots_ros2/webots_ros2_crazyflie' returned '0': AMENT_PREFIX_PATH=/home/tedee/Webots-Simulation-with-Teleop-Key/ros2_ws/install/webots_ros2_driver:/home/tedee/Webots-Simulation-with-Teleop-Key/ros2_ws/install/webots_ros2_msgs:/home/tedee/Webots-Simulation-with-Teleop-Key/ros2_ws/install/webots_ros2_importer:${AMENT_PREFIX_PATH} CMAKE_PREFIX_PATH=/home/tedee/Webots-Simulation-with-Teleop-Key/ros2_ws/install/webots_ros2_driver:/home/tedee/Webots-Simulation-with-Teleop-Key/ros2_ws/install/webots_ros2_msgs LD_LIBRARY_PATH=/home/tedee/Webots-Simulation-with-Teleop-Key/ros2_ws/install/webots_ros2_driver/lib:/home/tedee/Webots-Simulation-with-Teleop-Key/ros2_ws/install/webots_ros2_msgs/lib:${LD_LIBRARY_PATH} PYTHONPATH=/home/tedee/Webots-Simulation-with-Teleop-Key/ros2_ws/build/webots_ros2_crazyflie/prefix_override:/usr/lib/python3/dist-packages/colcon_core/task/python/colcon_distutils_commands:/home/tedee/Webots-Simulation-with-Teleop-Key/ros2_ws/install/webots_ros2_crazyflie/lib/python3.10/site-packages:/home/tedee/Webots-Simulation-with-Teleop-Key/ros2_ws/install/webots_ros2_driver/local/lib/python3.10/dist-packages:/home/tedee/Webots-Simulation-with-Teleop-Key/ros2_ws/install/webots_ros2_msgs/local/lib/python3.10/dist-packages:/home/tedee/Webots-Simulation-with-Teleop-Key/ros2_ws/install/webots_ros2_importer/lib/python3.10/site-packages:${PYTHONPATH} /usr/bin/python3 -W ignore:setup.py install is deprecated -W ignore:easy_install command is deprecated setup.py egg_info --egg-base ../../../build/webots_ros2_crazyflie build --build-base /home/tedee/Webots-Simulation-with-Teleop-Key/ros2_ws/build/webots_ros2_crazyflie/build install --record /home/tedee/Webots-Simulation-with-Teleop-Key/ros2_ws/build/webots_ros2_crazyflie/install.log --single-version-externally-managed install_data
